[16.07 00:03:44] - Starting DemoApplication using Java 11.0.11 on DESKTOP-PBQE3MK with PID 2252 (C:\Users\HOME\Desktop\spring based projects\demo\target\classes started by HOME in C:\Users\HOME\Desktop\spring based projects\demo)
[16.07 00:03:44] - No active profile set, falling back to default profiles: default
[16.07 00:03:44] - Bootstrapping Spring Data JPA repositories in DEFAULT mode.
[16.07 00:03:44] - Finished Spring Data repository scanning in 36 ms. Found 2 JPA repository interfaces.
[16.07 00:03:45] - Tomcat initialized with port(s): 8080 (http)
[16.07 00:03:45] - Root WebApplicationContext: initialization completed in 894 ms
[16.07 00:03:45] - HHH000204: Processing PersistenceUnitInfo [name: default]
[16.07 00:03:45] - HHH000412: Hibernate ORM core version 5.4.32.Final
[16.07 00:03:45] - HCANN000001: Hibernate Commons Annotations {5.1.2.Final}
[16.07 00:03:45] - HikariPool-1 - Starting...
[16.07 00:03:45] - Registered driver with driverClassName=com.mysql.jdbc.Driver was not found, trying direct instantiation.
[16.07 00:03:45] - HikariPool-1 - Start completed.
[16.07 00:03:45] - HHH000400: Using dialect: org.hibernate.dialect.MySQL8Dialect
[16.07 00:03:47] - HHH000490: Using JtaPlatform implementation: [org.hibernate.engine.transaction.jta.platform.internal.NoJtaPlatform]
[16.07 00:03:47] - Initialized JPA EntityManagerFactory for persistence unit 'default'
[16.07 00:03:47] - spring.jpa.open-in-view is enabled by default. Therefore, database queries may be performed during view rendering. Explicitly configure spring.jpa.open-in-view to disable this warning
[16.07 00:03:47] - Tomcat started on port(s): 8080 (http) with context path ''
[16.07 00:03:47] - Started DemoApplication in 3.789 seconds (JVM running for 4.761)
[16.07 00:03:56] - Initializing Servlet 'dispatcherServlet'
[16.07 00:03:56] - Completed initialization in 0 ms
[16.07 00:03:56] - Call multiply service with : 15 and 10
[16.07 00:03:56] - Response multiply service : 150
[16.07 00:04:03] - Call add service with : 15 and 10
[16.07 00:04:03] - Response add service : 25
[16.07 00:04:11] - Call subtract service with : 15 and 10
[16.07 00:04:11] - Response subtract service : 5
[16.07 01:52:15] - Starting DemoApplication using Java 11.0.11 on DESKTOP-PBQE3MK with PID 21240 (C:\Users\HOME\Desktop\spring based projects\demo\target\classes started by HOME in C:\Users\HOME\Desktop\spring based projects\demo)
[16.07 01:52:15] - No active profile set, falling back to default profiles: default
[16.07 01:52:16] - Bootstrapping Spring Data JPA repositories in DEFAULT mode.
[16.07 01:52:16] - Finished Spring Data repository scanning in 113 ms. Found 2 JPA repository interfaces.
[16.07 01:52:17] - Tomcat initialized with port(s): 8080 (http)
[16.07 01:52:17] - Root WebApplicationContext: initialization completed in 2246 ms
[16.07 01:52:17] - HHH000204: Processing PersistenceUnitInfo [name: default]
[16.07 01:52:17] - HHH000412: Hibernate ORM core version 5.4.32.Final
[16.07 01:52:18] - HCANN000001: Hibernate Commons Annotations {5.1.2.Final}
[16.07 01:52:18] - HikariPool-1 - Starting...
[16.07 01:52:18] - Registered driver with driverClassName=com.mysql.jdbc.Driver was not found, trying direct instantiation.
[16.07 01:52:19] - HikariPool-1 - Start completed.
[16.07 01:52:19] - HHH000400: Using dialect: org.hibernate.dialect.MySQL8Dialect
[16.07 01:52:23] - HHH000490: Using JtaPlatform implementation: [org.hibernate.engine.transaction.jta.platform.internal.NoJtaPlatform]
[16.07 01:52:23] - Initialized JPA EntityManagerFactory for persistence unit 'default'
[16.07 01:52:23] - spring.jpa.open-in-view is enabled by default. Therefore, database queries may be performed during view rendering. Explicitly configure spring.jpa.open-in-view to disable this warning
[16.07 01:52:24] - Tomcat started on port(s): 8080 (http) with context path ''
[16.07 01:52:24] - Started DemoApplication in 9.771 seconds (JVM running for 11.414)
[16.07 01:53:06] - Initializing Servlet 'dispatcherServlet'
[16.07 01:53:06] - Completed initialization in 4 ms
[16.07 01:53:07] - Call subtract service with : 15 and 10
[16.07 01:53:07] - Response subtract service : 5
[16.07 01:53:14] - Call add service with : 15 and 10
[16.07 01:53:14] - Response add service : 25
[16.07 01:53:34] - Call multiply service with : 20 and 5
[16.07 01:53:34] - Response multiply service : 100
[16.07 01:53:41] - Call divide service with : 20 and 5
[16.07 01:53:41] - Response divide service : 4
[16.07 02:03:28] - Starting DemoApplication using Java 11.0.11 on DESKTOP-PBQE3MK with PID 19396 (C:\Users\HOME\Desktop\spring based projects\demo\target\classes started by HOME in C:\Users\HOME\Desktop\spring based projects\demo)
[16.07 02:03:28] - No active profile set, falling back to default profiles: default
[16.07 02:03:29] - Bootstrapping Spring Data JPA repositories in DEFAULT mode.
[16.07 02:03:29] - Finished Spring Data repository scanning in 76 ms. Found 2 JPA repository interfaces.
[16.07 02:03:30] - Tomcat initialized with port(s): 8080 (http)
[16.07 02:03:30] - Root WebApplicationContext: initialization completed in 1865 ms
[16.07 02:03:30] - HHH000204: Processing PersistenceUnitInfo [name: default]
[16.07 02:03:30] - HHH000412: Hibernate ORM core version 5.4.32.Final
[16.07 02:03:31] - HCANN000001: Hibernate Commons Annotations {5.1.2.Final}
[16.07 02:03:31] - HikariPool-1 - Starting...
[16.07 02:03:31] - Registered driver with driverClassName=com.mysql.jdbc.Driver was not found, trying direct instantiation.
[16.07 02:03:31] - HikariPool-1 - Start completed.
[16.07 02:03:31] - HHH000400: Using dialect: org.hibernate.dialect.MySQL8Dialect
[16.07 02:03:34] - HHH000490: Using JtaPlatform implementation: [org.hibernate.engine.transaction.jta.platform.internal.NoJtaPlatform]
[16.07 02:03:34] - Initialized JPA EntityManagerFactory for persistence unit 'default'
[16.07 02:03:34] - spring.jpa.open-in-view is enabled by default. Therefore, database queries may be performed during view rendering. Explicitly configure spring.jpa.open-in-view to disable this warning
[16.07 02:03:35] - Tomcat started on port(s): 8080 (http) with context path ''
[16.07 02:03:35] - Started DemoApplication in 7.409 seconds (JVM running for 9.103)
[16.07 02:03:51] - Initializing Servlet 'dispatcherServlet'
[16.07 02:03:51] - Completed initialization in 1 ms
[16.07 02:03:51] - Call divide service with : 20 and 5
[16.07 02:03:51] - Response divide service : 4
[16.07 02:04:03] - Call multiply service with : 20 and 5
[16.07 02:04:03] - Response multiply service : 100
[16.07 02:04:09] - Call add service with : 20 and 5
[16.07 02:04:09] - Response add service : 25
[16.07 02:04:15] - Call subtract service with : 20 and 5
[16.07 02:04:15] - Response subtract service : 15
[16.07 09:35:45] - Starting DemoApplication using Java 11.0.11 on DESKTOP-PBQE3MK with PID 4304 (C:\Users\HOME\Desktop\spring based projects\demo\target\classes started by HOME in C:\Users\HOME\Desktop\spring based projects\demo)
[16.07 09:35:45] - No active profile set, falling back to default profiles: default
[16.07 09:35:47] - Bootstrapping Spring Data JPA repositories in DEFAULT mode.
[16.07 09:35:47] - Finished Spring Data repository scanning in 48 ms. Found 2 JPA repository interfaces.
[16.07 09:35:47] - Tomcat initialized with port(s): 8080 (http)
[16.07 09:35:47] - Root WebApplicationContext: initialization completed in 2097 ms
[16.07 09:35:48] - HHH000204: Processing PersistenceUnitInfo [name: default]
[16.07 09:35:48] - HHH000412: Hibernate ORM core version 5.4.32.Final
[16.07 09:35:48] - HCANN000001: Hibernate Commons Annotations {5.1.2.Final}
[16.07 09:35:48] - HikariPool-1 - Starting...
[16.07 09:35:48] - Registered driver with driverClassName=com.mysql.jdbc.Driver was not found, trying direct instantiation.
[16.07 09:35:49] - HikariPool-1 - Start completed.
[16.07 09:35:49] - HHH000400: Using dialect: org.hibernate.dialect.MySQL8Dialect
[16.07 09:35:50] - HHH000490: Using JtaPlatform implementation: [org.hibernate.engine.transaction.jta.platform.internal.NoJtaPlatform]
[16.07 09:35:50] - Initialized JPA EntityManagerFactory for persistence unit 'default'
[16.07 09:35:50] - spring.jpa.open-in-view is enabled by default. Therefore, database queries may be performed during view rendering. Explicitly configure spring.jpa.open-in-view to disable this warning
[16.07 09:35:51] - Tomcat started on port(s): 8080 (http) with context path ''
[16.07 09:35:51] - Started DemoApplication in 5.797 seconds (JVM running for 6.651)
[16.07 09:36:27] - Initializing Servlet 'dispatcherServlet'
[16.07 09:36:27] - Completed initialization in 2 ms
[16.07 09:36:27] - Call subtract service with : 20 and 5
[16.07 09:36:27] - Response subtract service : 15
[16.07 09:36:34] - Call add service with : 20 and 5
[16.07 09:36:34] - Response add service : 25
