[14.07 15:25:21] - Starting DemoApplication using Java 11.0.11 on DESKTOP-PBQE3MK with PID 17844 (C:\Users\HOME\Desktop\spring based projects\demo\target\classes started by HOME in C:\Users\HOME\Desktop\spring based projects\demo)
[14.07 15:25:21] - No active profile set, falling back to default profiles: default
[14.07 15:25:22] - Bootstrapping Spring Data JPA repositories in DEFAULT mode.
[14.07 15:25:22] - Finished Spring Data repository scanning in 11 ms. Found 0 JPA repository interfaces.
[14.07 15:25:22] - Tomcat initialized with port(s): 8080 (http)
[14.07 15:25:22] - Starting service [Tomcat]
[14.07 15:25:22] - Starting Servlet engine: [Apache Tomcat/9.0.48]
[14.07 15:25:23] - Initializing Spring embedded WebApplicationContext
[14.07 15:25:23] - Root WebApplicationContext: initialization completed in 1814 ms
[14.07 15:25:23] - HHH000204: Processing PersistenceUnitInfo [name: default]
[14.07 15:25:23] - HHH000412: Hibernate ORM core version 5.4.32.Final
[14.07 15:25:23] - HCANN000001: Hibernate Commons Annotations {5.1.2.Final}
[14.07 15:25:23] - HikariPool-1 - Starting...
[14.07 15:25:23] - Registered driver with driverClassName=com.mysql.jdbc.Driver was not found, trying direct instantiation.
[14.07 15:25:23] - HikariPool-1 - Start completed.
[14.07 15:25:23] - HHH000400: Using dialect: org.hibernate.dialect.MySQL8Dialect
[14.07 15:25:25] - HHH000490: Using JtaPlatform implementation: [org.hibernate.engine.transaction.jta.platform.internal.NoJtaPlatform]
[14.07 15:25:25] - Initialized JPA EntityManagerFactory for persistence unit 'default'
[14.07 15:25:25] - spring.jpa.open-in-view is enabled by default. Therefore, database queries may be performed during view rendering. Explicitly configure spring.jpa.open-in-view to disable this warning
[14.07 15:25:25] - Tomcat started on port(s): 8080 (http) with context path ''
[14.07 15:25:25] - Started DemoApplication in 5.09 seconds (JVM running for 6.859)
[14.07 15:25:44] - Initializing Spring DispatcherServlet 'dispatcherServlet'
[14.07 15:25:44] - Initializing Servlet 'dispatcherServlet'
[14.07 15:25:44] - Completed initialization in 2 ms
[14.07 15:25:45] - Basladiq
[14.07 15:25:45] - Bitdi
[14.07 15:31:43] - Starting DemoApplication using Java 11.0.11 on DESKTOP-PBQE3MK with PID 21044 (C:\Users\HOME\Desktop\spring based projects\demo\target\classes started by HOME in C:\Users\HOME\Desktop\spring based projects\demo)
[14.07 15:31:43] - No active profile set, falling back to default profiles: default
[14.07 15:31:44] - Bootstrapping Spring Data JPA repositories in DEFAULT mode.
[14.07 15:31:44] - Finished Spring Data repository scanning in 8 ms. Found 0 JPA repository interfaces.
[14.07 15:31:44] - Tomcat initialized with port(s): 8080 (http)
[14.07 15:31:44] - Starting service [Tomcat]
[14.07 15:31:44] - Starting Servlet engine: [Apache Tomcat/9.0.48]
[14.07 15:31:45] - Initializing Spring embedded WebApplicationContext
[14.07 15:31:45] - Root WebApplicationContext: initialization completed in 1494 ms
[14.07 15:31:45] - HHH000204: Processing PersistenceUnitInfo [name: default]
[14.07 15:31:45] - HHH000412: Hibernate ORM core version 5.4.32.Final
[14.07 15:31:45] - HCANN000001: Hibernate Commons Annotations {5.1.2.Final}
[14.07 15:31:45] - HikariPool-1 - Starting...
[14.07 15:31:45] - Registered driver with driverClassName=com.mysql.jdbc.Driver was not found, trying direct instantiation.
[14.07 15:31:45] - HikariPool-1 - Start completed.
[14.07 15:31:45] - HHH000400: Using dialect: org.hibernate.dialect.MySQL8Dialect
[14.07 15:31:47] - HHH000490: Using JtaPlatform implementation: [org.hibernate.engine.transaction.jta.platform.internal.NoJtaPlatform]
[14.07 15:31:47] - Initialized JPA EntityManagerFactory for persistence unit 'default'
[14.07 15:31:47] - spring.jpa.open-in-view is enabled by default. Therefore, database queries may be performed during view rendering. Explicitly configure spring.jpa.open-in-view to disable this warning
[14.07 15:31:47] - Tomcat started on port(s): 8080 (http) with context path ''
[14.07 15:31:47] - Started DemoApplication in 5.114 seconds (JVM running for 6.571)
[14.07 15:31:55] - Initializing Spring DispatcherServlet 'dispatcherServlet'
[14.07 15:31:55] - Initializing Servlet 'dispatcherServlet'
[14.07 15:31:55] - Completed initialization in 2 ms
[14.07 15:31:56] - Basladiq
[14.07 15:31:56] - Bitdi
[14.07 15:33:50] - Starting DemoApplication using Java 11.0.11 on DESKTOP-PBQE3MK with PID 21040 (C:\Users\HOME\Desktop\spring based projects\demo\target\classes started by HOME in C:\Users\HOME\Desktop\spring based projects\demo)
[14.07 15:33:50] - No active profile set, falling back to default profiles: default
[14.07 15:33:50] - Bootstrapping Spring Data JPA repositories in DEFAULT mode.
[14.07 15:33:50] - Finished Spring Data repository scanning in 9 ms. Found 0 JPA repository interfaces.
[14.07 15:33:51] - Tomcat initialized with port(s): 8080 (http)
[14.07 15:33:51] - Starting service [Tomcat]
[14.07 15:33:51] - Starting Servlet engine: [Apache Tomcat/9.0.48]
[14.07 15:33:51] - Initializing Spring embedded WebApplicationContext
[14.07 15:33:51] - Root WebApplicationContext: initialization completed in 1491 ms
[14.07 15:33:51] - HHH000204: Processing PersistenceUnitInfo [name: default]
[14.07 15:33:51] - HHH000412: Hibernate ORM core version 5.4.32.Final
[14.07 15:33:52] - HCANN000001: Hibernate Commons Annotations {5.1.2.Final}
[14.07 15:33:52] - HikariPool-1 - Starting...
[14.07 15:33:52] - Registered driver with driverClassName=com.mysql.jdbc.Driver was not found, trying direct instantiation.
[14.07 15:33:52] - HikariPool-1 - Start completed.
[14.07 15:33:52] - HHH000400: Using dialect: org.hibernate.dialect.MySQL8Dialect
[14.07 15:33:53] - HHH000490: Using JtaPlatform implementation: [org.hibernate.engine.transaction.jta.platform.internal.NoJtaPlatform]
[14.07 15:33:53] - Initialized JPA EntityManagerFactory for persistence unit 'default'
[14.07 15:33:53] - spring.jpa.open-in-view is enabled by default. Therefore, database queries may be performed during view rendering. Explicitly configure spring.jpa.open-in-view to disable this warning
[14.07 15:33:54] - Tomcat started on port(s): 8080 (http) with context path ''
[14.07 15:33:54] - Started DemoApplication in 5.052 seconds (JVM running for 6.259)
[14.07 15:34:01] - Initializing Spring DispatcherServlet 'dispatcherServlet'
[14.07 15:34:01] - Initializing Servlet 'dispatcherServlet'
[14.07 15:34:01] - Completed initialization in 3 ms
[14.07 15:34:02] - Basladiq
[14.07 15:34:02] - Bitdi
[14.07 15:46:46] - Starting DemoApplication using Java 11.0.11 on DESKTOP-PBQE3MK with PID 9948 (C:\Users\HOME\Desktop\spring based projects\demo\target\classes started by HOME in C:\Users\HOME\Desktop\spring based projects\demo)
[14.07 15:46:46] - No active profile set, falling back to default profiles: default
[14.07 15:46:46] - Bootstrapping Spring Data JPA repositories in DEFAULT mode.
[14.07 15:46:46] - Finished Spring Data repository scanning in 7 ms. Found 0 JPA repository interfaces.
[14.07 15:46:47] - Tomcat initialized with port(s): 8080 (http)
[14.07 15:46:47] - Starting service [Tomcat]
[14.07 15:46:47] - Starting Servlet engine: [Apache Tomcat/9.0.48]
[14.07 15:46:47] - Initializing Spring embedded WebApplicationContext
[14.07 15:46:47] - Root WebApplicationContext: initialization completed in 1526 ms
[14.07 15:46:47] - HHH000204: Processing PersistenceUnitInfo [name: default]
[14.07 15:46:47] - HHH000412: Hibernate ORM core version 5.4.32.Final
[14.07 15:46:48] - HCANN000001: Hibernate Commons Annotations {5.1.2.Final}
[14.07 15:46:48] - HikariPool-1 - Starting...
[14.07 15:46:48] - Registered driver with driverClassName=com.mysql.jdbc.Driver was not found, trying direct instantiation.
[14.07 15:46:48] - HikariPool-1 - Start completed.
[14.07 15:46:48] - HHH000400: Using dialect: org.hibernate.dialect.MySQL8Dialect
[14.07 15:46:49] - HHH000490: Using JtaPlatform implementation: [org.hibernate.engine.transaction.jta.platform.internal.NoJtaPlatform]
[14.07 15:46:49] - Initialized JPA EntityManagerFactory for persistence unit 'default'
[14.07 15:46:49] - spring.jpa.open-in-view is enabled by default. Therefore, database queries may be performed during view rendering. Explicitly configure spring.jpa.open-in-view to disable this warning
[14.07 15:46:50] - Tomcat started on port(s): 8080 (http) with context path ''
[14.07 15:46:50] - Started DemoApplication in 5.187 seconds (JVM running for 6.247)
[14.07 15:47:54] - Initializing Spring DispatcherServlet 'dispatcherServlet'
[14.07 15:47:54] - Initializing Servlet 'dispatcherServlet'
[14.07 15:47:54] - Completed initialization in 3 ms
[14.07 15:47:55] - Basladiq
[14.07 15:47:55] - Bitdi
[14.07 15:51:03] - Application run failed
java.lang.IllegalStateException: java.lang.IllegalStateException: Logback configuration error detected: 
ERROR in ch.qos.logback.core.joran.spi.Interpreter@35:78 - no applicable action for [encoder], current ElementPath  is [[configuration][appender][encoder]]
ERROR in ch.qos.logback.core.joran.spi.Interpreter@36:22 - no applicable action for [Pattern], current ElementPath  is [[configuration][appender][encoder][Pattern]]
ERROR in ch.qos.logback.core.joran.spi.Interpreter@38:83 - no applicable action for [rollingPolicy], current ElementPath  is [[configuration][appender][rollingPolicy]]
ERROR in ch.qos.logback.core.joran.spi.Interpreter@39:30 - no applicable action for [FileNamePattern], current ElementPath  is [[configuration][appender][rollingPolicy][FileNamePattern]]
	at org.springframework.boot.context.logging.LoggingApplicationListener.initializeSystem(LoggingApplicationListener.java:328)
	at org.springframework.boot.context.logging.LoggingApplicationListener.initialize(LoggingApplicationListener.java:282)
	at org.springframework.boot.context.logging.LoggingApplicationListener.onApplicationEnvironmentPreparedEvent(LoggingApplicationListener.java:240)
	at org.springframework.boot.context.logging.LoggingApplicationListener.onApplicationEvent(LoggingApplicationListener.java:216)
	at org.springframework.context.event.SimpleApplicationEventMulticaster.doInvokeListener(SimpleApplicationEventMulticaster.java:176)
	at org.springframework.context.event.SimpleApplicationEventMulticaster.invokeListener(SimpleApplicationEventMulticaster.java:169)
	at org.springframework.context.event.SimpleApplicationEventMulticaster.multicastEvent(SimpleApplicationEventMulticaster.java:143)
	at org.springframework.context.event.SimpleApplicationEventMulticaster.multicastEvent(SimpleApplicationEventMulticaster.java:131)
	at org.springframework.boot.context.event.EventPublishingRunListener.environmentPrepared(EventPublishingRunListener.java:82)
	at org.springframework.boot.SpringApplicationRunListeners.lambda$environmentPrepared$2(SpringApplicationRunListeners.java:63)
	at java.base/java.util.ArrayList.forEach(ArrayList.java:1541)
	at org.springframework.boot.SpringApplicationRunListeners.doWithListeners(SpringApplicationRunListeners.java:117)
	at org.springframework.boot.SpringApplicationRunListeners.doWithListeners(SpringApplicationRunListeners.java:111)
	at org.springframework.boot.SpringApplicationRunListeners.environmentPrepared(SpringApplicationRunListeners.java:62)
	at org.springframework.boot.SpringApplication.prepareEnvironment(SpringApplication.java:374)
	at org.springframework.boot.SpringApplication.run(SpringApplication.java:332)
	at org.springframework.boot.SpringApplication.run(SpringApplication.java:1343)
	at org.springframework.boot.SpringApplication.run(SpringApplication.java:1332)
	at com.rabitabank.task.demo.DemoApplication.main(DemoApplication.java:10)
Caused by: java.lang.IllegalStateException: Logback configuration error detected: 
ERROR in ch.qos.logback.core.joran.spi.Interpreter@35:78 - no applicable action for [encoder], current ElementPath  is [[configuration][appender][encoder]]
ERROR in ch.qos.logback.core.joran.spi.Interpreter@36:22 - no applicable action for [Pattern], current ElementPath  is [[configuration][appender][encoder][Pattern]]
ERROR in ch.qos.logback.core.joran.spi.Interpreter@38:83 - no applicable action for [rollingPolicy], current ElementPath  is [[configuration][appender][rollingPolicy]]
ERROR in ch.qos.logback.core.joran.spi.Interpreter@39:30 - no applicable action for [FileNamePattern], current ElementPath  is [[configuration][appender][rollingPolicy][FileNamePattern]]
	at org.springframework.boot.logging.logback.LogbackLoggingSystem.loadConfiguration(LogbackLoggingSystem.java:179)
	at org.springframework.boot.logging.AbstractLoggingSystem.initializeWithConventions(AbstractLoggingSystem.java:80)
	at org.springframework.boot.logging.AbstractLoggingSystem.initialize(AbstractLoggingSystem.java:60)
	at org.springframework.boot.logging.logback.LogbackLoggingSystem.initialize(LogbackLoggingSystem.java:132)
	at org.springframework.boot.context.logging.LoggingApplicationListener.initializeSystem(LoggingApplicationListener.java:313)
	... 18 common frames omitted
[14.07 15:51:59] - Application run failed
java.lang.IllegalStateException: java.lang.IllegalStateException: Logback configuration error detected: 
ERROR in ch.qos.logback.core.joran.spi.Interpreter@30:59 - no applicable action for [property], current ElementPath  is [[configuration][appender][connectionSource][property]]
ERROR in ch.qos.logback.core.db.DriverManagerConnectionSource@9ed238c - WARNING: No JDBC driver specified for logback DriverManagerConnectionSource.
ERROR in ch.qos.logback.core.joran.spi.Interpreter@32:78 - no applicable action for [encoder], current ElementPath  is [[configuration][appender][encoder]]
ERROR in ch.qos.logback.core.joran.spi.Interpreter@33:22 - no applicable action for [Pattern], current ElementPath  is [[configuration][appender][encoder][Pattern]]
ERROR in ch.qos.logback.core.joran.spi.Interpreter@35:83 - no applicable action for [rollingPolicy], current ElementPath  is [[configuration][appender][rollingPolicy]]
ERROR in ch.qos.logback.core.joran.spi.Interpreter@36:30 - no applicable action for [FileNamePattern], current ElementPath  is [[configuration][appender][rollingPolicy][FileNamePattern]]
ERROR in ch.qos.logback.core.joran.spi.Interpreter@39:16 - RuntimeException in Action for tag [appender] java.lang.IllegalStateException: DBAppender cannot function if the JDBC driver does not support getGeneratedKeys method *and* without a specific SQL dialect
	at org.springframework.boot.context.logging.LoggingApplicationListener.initializeSystem(LoggingApplicationListener.java:328)
	at org.springframework.boot.context.logging.LoggingApplicationListener.initialize(LoggingApplicationListener.java:282)
	at org.springframework.boot.context.logging.LoggingApplicationListener.onApplicationEnvironmentPreparedEvent(LoggingApplicationListener.java:240)
	at org.springframework.boot.context.logging.LoggingApplicationListener.onApplicationEvent(LoggingApplicationListener.java:216)
	at org.springframework.context.event.SimpleApplicationEventMulticaster.doInvokeListener(SimpleApplicationEventMulticaster.java:176)
	at org.springframework.context.event.SimpleApplicationEventMulticaster.invokeListener(SimpleApplicationEventMulticaster.java:169)
	at org.springframework.context.event.SimpleApplicationEventMulticaster.multicastEvent(SimpleApplicationEventMulticaster.java:143)
	at org.springframework.context.event.SimpleApplicationEventMulticaster.multicastEvent(SimpleApplicationEventMulticaster.java:131)
	at org.springframework.boot.context.event.EventPublishingRunListener.environmentPrepared(EventPublishingRunListener.java:82)
	at org.springframework.boot.SpringApplicationRunListeners.lambda$environmentPrepared$2(SpringApplicationRunListeners.java:63)
	at java.base/java.util.ArrayList.forEach(ArrayList.java:1541)
	at org.springframework.boot.SpringApplicationRunListeners.doWithListeners(SpringApplicationRunListeners.java:117)
	at org.springframework.boot.SpringApplicationRunListeners.doWithListeners(SpringApplicationRunListeners.java:111)
	at org.springframework.boot.SpringApplicationRunListeners.environmentPrepared(SpringApplicationRunListeners.java:62)
	at org.springframework.boot.SpringApplication.prepareEnvironment(SpringApplication.java:374)
	at org.springframework.boot.SpringApplication.run(SpringApplication.java:332)
	at org.springframework.boot.SpringApplication.run(SpringApplication.java:1343)
	at org.springframework.boot.SpringApplication.run(SpringApplication.java:1332)
	at com.rabitabank.task.demo.DemoApplication.main(DemoApplication.java:10)
Caused by: java.lang.IllegalStateException: Logback configuration error detected: 
ERROR in ch.qos.logback.core.joran.spi.Interpreter@30:59 - no applicable action for [property], current ElementPath  is [[configuration][appender][connectionSource][property]]
ERROR in ch.qos.logback.core.db.DriverManagerConnectionSource@9ed238c - WARNING: No JDBC driver specified for logback DriverManagerConnectionSource.
ERROR in ch.qos.logback.core.joran.spi.Interpreter@32:78 - no applicable action for [encoder], current ElementPath  is [[configuration][appender][encoder]]
ERROR in ch.qos.logback.core.joran.spi.Interpreter@33:22 - no applicable action for [Pattern], current ElementPath  is [[configuration][appender][encoder][Pattern]]
ERROR in ch.qos.logback.core.joran.spi.Interpreter@35:83 - no applicable action for [rollingPolicy], current ElementPath  is [[configuration][appender][rollingPolicy]]
ERROR in ch.qos.logback.core.joran.spi.Interpreter@36:30 - no applicable action for [FileNamePattern], current ElementPath  is [[configuration][appender][rollingPolicy][FileNamePattern]]
ERROR in ch.qos.logback.core.joran.spi.Interpreter@39:16 - RuntimeException in Action for tag [appender] java.lang.IllegalStateException: DBAppender cannot function if the JDBC driver does not support getGeneratedKeys method *and* without a specific SQL dialect
	at org.springframework.boot.logging.logback.LogbackLoggingSystem.loadConfiguration(LogbackLoggingSystem.java:179)
	at org.springframework.boot.logging.AbstractLoggingSystem.initializeWithConventions(AbstractLoggingSystem.java:80)
	at org.springframework.boot.logging.AbstractLoggingSystem.initialize(AbstractLoggingSystem.java:60)
	at org.springframework.boot.logging.logback.LogbackLoggingSystem.initialize(LogbackLoggingSystem.java:132)
	at org.springframework.boot.context.logging.LoggingApplicationListener.initializeSystem(LoggingApplicationListener.java:313)
	... 18 common frames omitted
[14.07 15:52:35] - Application run failed
java.lang.IllegalStateException: java.lang.IllegalStateException: Logback configuration error detected: 
ERROR in ch.qos.logback.core.joran.spi.Interpreter@35:78 - no applicable action for [encoder], current ElementPath  is [[configuration][appender][encoder]]
ERROR in ch.qos.logback.core.joran.spi.Interpreter@36:22 - no applicable action for [Pattern], current ElementPath  is [[configuration][appender][encoder][Pattern]]
ERROR in ch.qos.logback.core.joran.spi.Interpreter@38:83 - no applicable action for [rollingPolicy], current ElementPath  is [[configuration][appender][rollingPolicy]]
ERROR in ch.qos.logback.core.joran.spi.Interpreter@39:30 - no applicable action for [FileNamePattern], current ElementPath  is [[configuration][appender][rollingPolicy][FileNamePattern]]
	at org.springframework.boot.context.logging.LoggingApplicationListener.initializeSystem(LoggingApplicationListener.java:328)
	at org.springframework.boot.context.logging.LoggingApplicationListener.initialize(LoggingApplicationListener.java:282)
	at org.springframework.boot.context.logging.LoggingApplicationListener.onApplicationEnvironmentPreparedEvent(LoggingApplicationListener.java:240)
	at org.springframework.boot.context.logging.LoggingApplicationListener.onApplicationEvent(LoggingApplicationListener.java:216)
	at org.springframework.context.event.SimpleApplicationEventMulticaster.doInvokeListener(SimpleApplicationEventMulticaster.java:176)
	at org.springframework.context.event.SimpleApplicationEventMulticaster.invokeListener(SimpleApplicationEventMulticaster.java:169)
	at org.springframework.context.event.SimpleApplicationEventMulticaster.multicastEvent(SimpleApplicationEventMulticaster.java:143)
	at org.springframework.context.event.SimpleApplicationEventMulticaster.multicastEvent(SimpleApplicationEventMulticaster.java:131)
	at org.springframework.boot.context.event.EventPublishingRunListener.environmentPrepared(EventPublishingRunListener.java:82)
	at org.springframework.boot.SpringApplicationRunListeners.lambda$environmentPrepared$2(SpringApplicationRunListeners.java:63)
	at java.base/java.util.ArrayList.forEach(ArrayList.java:1541)
	at org.springframework.boot.SpringApplicationRunListeners.doWithListeners(SpringApplicationRunListeners.java:117)
	at org.springframework.boot.SpringApplicationRunListeners.doWithListeners(SpringApplicationRunListeners.java:111)
	at org.springframework.boot.SpringApplicationRunListeners.environmentPrepared(SpringApplicationRunListeners.java:62)
	at org.springframework.boot.SpringApplication.prepareEnvironment(SpringApplication.java:374)
	at org.springframework.boot.SpringApplication.run(SpringApplication.java:332)
	at org.springframework.boot.SpringApplication.run(SpringApplication.java:1343)
	at org.springframework.boot.SpringApplication.run(SpringApplication.java:1332)
	at com.rabitabank.task.demo.DemoApplication.main(DemoApplication.java:10)
Caused by: java.lang.IllegalStateException: Logback configuration error detected: 
ERROR in ch.qos.logback.core.joran.spi.Interpreter@35:78 - no applicable action for [encoder], current ElementPath  is [[configuration][appender][encoder]]
ERROR in ch.qos.logback.core.joran.spi.Interpreter@36:22 - no applicable action for [Pattern], current ElementPath  is [[configuration][appender][encoder][Pattern]]
ERROR in ch.qos.logback.core.joran.spi.Interpreter@38:83 - no applicable action for [rollingPolicy], current ElementPath  is [[configuration][appender][rollingPolicy]]
ERROR in ch.qos.logback.core.joran.spi.Interpreter@39:30 - no applicable action for [FileNamePattern], current ElementPath  is [[configuration][appender][rollingPolicy][FileNamePattern]]
	at org.springframework.boot.logging.logback.LogbackLoggingSystem.loadConfiguration(LogbackLoggingSystem.java:179)
	at org.springframework.boot.logging.AbstractLoggingSystem.initializeWithConventions(AbstractLoggingSystem.java:80)
	at org.springframework.boot.logging.AbstractLoggingSystem.initialize(AbstractLoggingSystem.java:60)
	at org.springframework.boot.logging.logback.LogbackLoggingSystem.initialize(LogbackLoggingSystem.java:132)
	at org.springframework.boot.context.logging.LoggingApplicationListener.initializeSystem(LoggingApplicationListener.java:313)
	... 18 common frames omitted
[14.07 15:53:38] - Starting DemoApplication using Java 11.0.11 on DESKTOP-PBQE3MK with PID 19196 (C:\Users\HOME\Desktop\spring based projects\demo\target\classes started by HOME in C:\Users\HOME\Desktop\spring based projects\demo)
[14.07 15:53:38] - No active profile set, falling back to default profiles: default
[14.07 15:53:39] - Bootstrapping Spring Data JPA repositories in DEFAULT mode.
[14.07 15:53:39] - Finished Spring Data repository scanning in 15 ms. Found 0 JPA repository interfaces.
[14.07 15:53:40] - Tomcat initialized with port(s): 8080 (http)
[14.07 15:53:40] - Starting service [Tomcat]
[14.07 15:53:40] - Starting Servlet engine: [Apache Tomcat/9.0.48]
[14.07 15:53:40] - Initializing Spring embedded WebApplicationContext
[14.07 15:53:40] - Root WebApplicationContext: initialization completed in 2050 ms
[14.07 15:53:40] - HHH000204: Processing PersistenceUnitInfo [name: default]
[14.07 15:53:41] - HHH000412: Hibernate ORM core version 5.4.32.Final
[14.07 15:53:41] - HCANN000001: Hibernate Commons Annotations {5.1.2.Final}
[14.07 15:53:41] - HikariPool-1 - Starting...
[14.07 15:53:41] - Registered driver with driverClassName=com.mysql.jdbc.Driver was not found, trying direct instantiation.
[14.07 15:53:41] - HikariPool-1 - Start completed.
[14.07 15:53:41] - HHH000400: Using dialect: org.hibernate.dialect.MySQL8Dialect
[14.07 15:53:42] - HHH000490: Using JtaPlatform implementation: [org.hibernate.engine.transaction.jta.platform.internal.NoJtaPlatform]
[14.07 15:53:42] - Initialized JPA EntityManagerFactory for persistence unit 'default'
[14.07 15:53:42] - spring.jpa.open-in-view is enabled by default. Therefore, database queries may be performed during view rendering. Explicitly configure spring.jpa.open-in-view to disable this warning
[14.07 15:53:43] - Tomcat started on port(s): 8080 (http) with context path ''
[14.07 15:53:43] - Started DemoApplication in 5.265 seconds (JVM running for 6.534)
[14.07 16:59:58] - Application run failed
java.lang.IllegalStateException: java.lang.IllegalStateException: Logback configuration error detected: 
ERROR in ch.qos.logback.core.joran.action.AppenderAction - Could not create an Appender of type [com.chakrar.logback.mydbappender.CsiDBAppender]. ch.qos.logback.core.util.DynamicClassLoadingException: Failed to instantiate type com.chakrar.logback.mydbappender.CsiDBAppender
ERROR in ch.qos.logback.core.joran.spi.Interpreter@25:80 - ActionException in Action for tag [appender] ch.qos.logback.core.joran.spi.ActionException: ch.qos.logback.core.util.DynamicClassLoadingException: Failed to instantiate type com.chakrar.logback.mydbappender.CsiDBAppender
ERROR in ch.qos.logback.core.joran.action.AppenderRefAction - Could not find an appender named [db]. Did you define it below instead of above in the configuration file?
ERROR in ch.qos.logback.core.joran.action.AppenderRefAction - See http://logback.qos.ch/codes.html#appender_order for more details.
	at org.springframework.boot.context.logging.LoggingApplicationListener.initializeSystem(LoggingApplicationListener.java:328)
	at org.springframework.boot.context.logging.LoggingApplicationListener.initialize(LoggingApplicationListener.java:282)
	at org.springframework.boot.context.logging.LoggingApplicationListener.onApplicationEnvironmentPreparedEvent(LoggingApplicationListener.java:240)
	at org.springframework.boot.context.logging.LoggingApplicationListener.onApplicationEvent(LoggingApplicationListener.java:216)
	at org.springframework.context.event.SimpleApplicationEventMulticaster.doInvokeListener(SimpleApplicationEventMulticaster.java:176)
	at org.springframework.context.event.SimpleApplicationEventMulticaster.invokeListener(SimpleApplicationEventMulticaster.java:169)
	at org.springframework.context.event.SimpleApplicationEventMulticaster.multicastEvent(SimpleApplicationEventMulticaster.java:143)
	at org.springframework.context.event.SimpleApplicationEventMulticaster.multicastEvent(SimpleApplicationEventMulticaster.java:131)
	at org.springframework.boot.context.event.EventPublishingRunListener.environmentPrepared(EventPublishingRunListener.java:82)
	at org.springframework.boot.SpringApplicationRunListeners.lambda$environmentPrepared$2(SpringApplicationRunListeners.java:63)
	at java.base/java.util.ArrayList.forEach(ArrayList.java:1541)
	at org.springframework.boot.SpringApplicationRunListeners.doWithListeners(SpringApplicationRunListeners.java:117)
	at org.springframework.boot.SpringApplicationRunListeners.doWithListeners(SpringApplicationRunListeners.java:111)
	at org.springframework.boot.SpringApplicationRunListeners.environmentPrepared(SpringApplicationRunListeners.java:62)
	at org.springframework.boot.SpringApplication.prepareEnvironment(SpringApplication.java:374)
	at org.springframework.boot.SpringApplication.run(SpringApplication.java:332)
	at org.springframework.boot.SpringApplication.run(SpringApplication.java:1343)
	at org.springframework.boot.SpringApplication.run(SpringApplication.java:1332)
	at com.rabitabank.task.demo.DemoApplication.main(DemoApplication.java:10)
Caused by: java.lang.IllegalStateException: Logback configuration error detected: 
ERROR in ch.qos.logback.core.joran.action.AppenderAction - Could not create an Appender of type [com.chakrar.logback.mydbappender.CsiDBAppender]. ch.qos.logback.core.util.DynamicClassLoadingException: Failed to instantiate type com.chakrar.logback.mydbappender.CsiDBAppender
ERROR in ch.qos.logback.core.joran.spi.Interpreter@25:80 - ActionException in Action for tag [appender] ch.qos.logback.core.joran.spi.ActionException: ch.qos.logback.core.util.DynamicClassLoadingException: Failed to instantiate type com.chakrar.logback.mydbappender.CsiDBAppender
ERROR in ch.qos.logback.core.joran.action.AppenderRefAction - Could not find an appender named [db]. Did you define it below instead of above in the configuration file?
ERROR in ch.qos.logback.core.joran.action.AppenderRefAction - See http://logback.qos.ch/codes.html#appender_order for more details.
	at org.springframework.boot.logging.logback.LogbackLoggingSystem.loadConfiguration(LogbackLoggingSystem.java:179)
	at org.springframework.boot.logging.AbstractLoggingSystem.initializeWithConventions(AbstractLoggingSystem.java:80)
	at org.springframework.boot.logging.AbstractLoggingSystem.initialize(AbstractLoggingSystem.java:60)
	at org.springframework.boot.logging.logback.LogbackLoggingSystem.initialize(LogbackLoggingSystem.java:132)
	at org.springframework.boot.context.logging.LoggingApplicationListener.initializeSystem(LoggingApplicationListener.java:313)
	... 18 common frames omitted
[14.07 17:00:30] - Application run failed
java.lang.IllegalStateException: java.lang.IllegalStateException: Logback configuration error detected: 
ERROR in ch.qos.logback.core.joran.action.AppenderAction - Could not create an Appender of type [com.chakrar.logback.mydbappender.CsiDBAppender]. ch.qos.logback.core.util.DynamicClassLoadingException: Failed to instantiate type com.chakrar.logback.mydbappender.CsiDBAppender
ERROR in ch.qos.logback.core.joran.spi.Interpreter@25:80 - ActionException in Action for tag [appender] ch.qos.logback.core.joran.spi.ActionException: ch.qos.logback.core.util.DynamicClassLoadingException: Failed to instantiate type com.chakrar.logback.mydbappender.CsiDBAppender
ERROR in ch.qos.logback.core.joran.action.AppenderRefAction - Could not find an appender named [db]. Did you define it below instead of above in the configuration file?
ERROR in ch.qos.logback.core.joran.action.AppenderRefAction - See http://logback.qos.ch/codes.html#appender_order for more details.
	at org.springframework.boot.context.logging.LoggingApplicationListener.initializeSystem(LoggingApplicationListener.java:328)
	at org.springframework.boot.context.logging.LoggingApplicationListener.initialize(LoggingApplicationListener.java:282)
	at org.springframework.boot.context.logging.LoggingApplicationListener.onApplicationEnvironmentPreparedEvent(LoggingApplicationListener.java:240)
	at org.springframework.boot.context.logging.LoggingApplicationListener.onApplicationEvent(LoggingApplicationListener.java:216)
	at org.springframework.context.event.SimpleApplicationEventMulticaster.doInvokeListener(SimpleApplicationEventMulticaster.java:176)
	at org.springframework.context.event.SimpleApplicationEventMulticaster.invokeListener(SimpleApplicationEventMulticaster.java:169)
	at org.springframework.context.event.SimpleApplicationEventMulticaster.multicastEvent(SimpleApplicationEventMulticaster.java:143)
	at org.springframework.context.event.SimpleApplicationEventMulticaster.multicastEvent(SimpleApplicationEventMulticaster.java:131)
	at org.springframework.boot.context.event.EventPublishingRunListener.environmentPrepared(EventPublishingRunListener.java:82)
	at org.springframework.boot.SpringApplicationRunListeners.lambda$environmentPrepared$2(SpringApplicationRunListeners.java:63)
	at java.base/java.util.ArrayList.forEach(ArrayList.java:1541)
	at org.springframework.boot.SpringApplicationRunListeners.doWithListeners(SpringApplicationRunListeners.java:117)
	at org.springframework.boot.SpringApplicationRunListeners.doWithListeners(SpringApplicationRunListeners.java:111)
	at org.springframework.boot.SpringApplicationRunListeners.environmentPrepared(SpringApplicationRunListeners.java:62)
	at org.springframework.boot.SpringApplication.prepareEnvironment(SpringApplication.java:374)
	at org.springframework.boot.SpringApplication.run(SpringApplication.java:332)
	at org.springframework.boot.SpringApplication.run(SpringApplication.java:1343)
	at org.springframework.boot.SpringApplication.run(SpringApplication.java:1332)
	at com.rabitabank.task.demo.DemoApplication.main(DemoApplication.java:10)
Caused by: java.lang.IllegalStateException: Logback configuration error detected: 
ERROR in ch.qos.logback.core.joran.action.AppenderAction - Could not create an Appender of type [com.chakrar.logback.mydbappender.CsiDBAppender]. ch.qos.logback.core.util.DynamicClassLoadingException: Failed to instantiate type com.chakrar.logback.mydbappender.CsiDBAppender
ERROR in ch.qos.logback.core.joran.spi.Interpreter@25:80 - ActionException in Action for tag [appender] ch.qos.logback.core.joran.spi.ActionException: ch.qos.logback.core.util.DynamicClassLoadingException: Failed to instantiate type com.chakrar.logback.mydbappender.CsiDBAppender
ERROR in ch.qos.logback.core.joran.action.AppenderRefAction - Could not find an appender named [db]. Did you define it below instead of above in the configuration file?
ERROR in ch.qos.logback.core.joran.action.AppenderRefAction - See http://logback.qos.ch/codes.html#appender_order for more details.
	at org.springframework.boot.logging.logback.LogbackLoggingSystem.loadConfiguration(LogbackLoggingSystem.java:179)
	at org.springframework.boot.logging.AbstractLoggingSystem.initializeWithConventions(AbstractLoggingSystem.java:80)
	at org.springframework.boot.logging.AbstractLoggingSystem.initialize(AbstractLoggingSystem.java:60)
	at org.springframework.boot.logging.logback.LogbackLoggingSystem.initialize(LogbackLoggingSystem.java:132)
	at org.springframework.boot.context.logging.LoggingApplicationListener.initializeSystem(LoggingApplicationListener.java:313)
	... 18 common frames omitted
[14.07 17:18:37] - Application run failed
java.lang.IllegalStateException: java.lang.IllegalStateException: Logback configuration error detected: 
ERROR in ch.qos.logback.core.joran.spi.Interpreter@27:72 - no applicable action for [dataSource], current ElementPath  is [[configuration][appender][connectionSource][dataSource]]
	at org.springframework.boot.context.logging.LoggingApplicationListener.initializeSystem(LoggingApplicationListener.java:328)
	at org.springframework.boot.context.logging.LoggingApplicationListener.initialize(LoggingApplicationListener.java:282)
	at org.springframework.boot.context.logging.LoggingApplicationListener.onApplicationEnvironmentPreparedEvent(LoggingApplicationListener.java:240)
	at org.springframework.boot.context.logging.LoggingApplicationListener.onApplicationEvent(LoggingApplicationListener.java:216)
	at org.springframework.context.event.SimpleApplicationEventMulticaster.doInvokeListener(SimpleApplicationEventMulticaster.java:176)
	at org.springframework.context.event.SimpleApplicationEventMulticaster.invokeListener(SimpleApplicationEventMulticaster.java:169)
	at org.springframework.context.event.SimpleApplicationEventMulticaster.multicastEvent(SimpleApplicationEventMulticaster.java:143)
	at org.springframework.context.event.SimpleApplicationEventMulticaster.multicastEvent(SimpleApplicationEventMulticaster.java:131)
	at org.springframework.boot.context.event.EventPublishingRunListener.environmentPrepared(EventPublishingRunListener.java:82)
	at org.springframework.boot.SpringApplicationRunListeners.lambda$environmentPrepared$2(SpringApplicationRunListeners.java:63)
	at java.base/java.util.ArrayList.forEach(ArrayList.java:1541)
	at org.springframework.boot.SpringApplicationRunListeners.doWithListeners(SpringApplicationRunListeners.java:117)
	at org.springframework.boot.SpringApplicationRunListeners.doWithListeners(SpringApplicationRunListeners.java:111)
	at org.springframework.boot.SpringApplicationRunListeners.environmentPrepared(SpringApplicationRunListeners.java:62)
	at org.springframework.boot.SpringApplication.prepareEnvironment(SpringApplication.java:374)
	at org.springframework.boot.SpringApplication.run(SpringApplication.java:332)
	at org.springframework.boot.SpringApplication.run(SpringApplication.java:1343)
	at org.springframework.boot.SpringApplication.run(SpringApplication.java:1332)
	at com.rabitabank.task.demo.DemoApplication.main(DemoApplication.java:12)
Caused by: java.lang.IllegalStateException: Logback configuration error detected: 
ERROR in ch.qos.logback.core.joran.spi.Interpreter@27:72 - no applicable action for [dataSource], current ElementPath  is [[configuration][appender][connectionSource][dataSource]]
	at org.springframework.boot.logging.logback.LogbackLoggingSystem.loadConfiguration(LogbackLoggingSystem.java:179)
	at org.springframework.boot.logging.AbstractLoggingSystem.initializeWithConventions(AbstractLoggingSystem.java:80)
	at org.springframework.boot.logging.AbstractLoggingSystem.initialize(AbstractLoggingSystem.java:60)
	at org.springframework.boot.logging.logback.LogbackLoggingSystem.initialize(LogbackLoggingSystem.java:132)
	at org.springframework.boot.context.logging.LoggingApplicationListener.initializeSystem(LoggingApplicationListener.java:313)
	... 18 common frames omitted
[14.07 22:03:03] - Application run failed
java.lang.IllegalStateException: java.lang.IllegalStateException: Logback configuration error detected: 
ERROR in ch.qos.logback.core.joran.spi.Interpreter@27:72 - no applicable action for [dataSource], current ElementPath  is [[configuration][appender][connectionSource][dataSource]]
	at org.springframework.boot.context.logging.LoggingApplicationListener.initializeSystem(LoggingApplicationListener.java:328)
	at org.springframework.boot.context.logging.LoggingApplicationListener.initialize(LoggingApplicationListener.java:282)
	at org.springframework.boot.context.logging.LoggingApplicationListener.onApplicationEnvironmentPreparedEvent(LoggingApplicationListener.java:240)
	at org.springframework.boot.context.logging.LoggingApplicationListener.onApplicationEvent(LoggingApplicationListener.java:216)
	at org.springframework.context.event.SimpleApplicationEventMulticaster.doInvokeListener(SimpleApplicationEventMulticaster.java:176)
	at org.springframework.context.event.SimpleApplicationEventMulticaster.invokeListener(SimpleApplicationEventMulticaster.java:169)
	at org.springframework.context.event.SimpleApplicationEventMulticaster.multicastEvent(SimpleApplicationEventMulticaster.java:143)
	at org.springframework.context.event.SimpleApplicationEventMulticaster.multicastEvent(SimpleApplicationEventMulticaster.java:131)
	at org.springframework.boot.context.event.EventPublishingRunListener.environmentPrepared(EventPublishingRunListener.java:82)
	at org.springframework.boot.SpringApplicationRunListeners.lambda$environmentPrepared$2(SpringApplicationRunListeners.java:63)
	at java.base/java.util.ArrayList.forEach(ArrayList.java:1541)
	at org.springframework.boot.SpringApplicationRunListeners.doWithListeners(SpringApplicationRunListeners.java:117)
	at org.springframework.boot.SpringApplicationRunListeners.doWithListeners(SpringApplicationRunListeners.java:111)
	at org.springframework.boot.SpringApplicationRunListeners.environmentPrepared(SpringApplicationRunListeners.java:62)
	at org.springframework.boot.SpringApplication.prepareEnvironment(SpringApplication.java:374)
	at org.springframework.boot.SpringApplication.run(SpringApplication.java:332)
	at org.springframework.boot.SpringApplication.run(SpringApplication.java:1343)
	at org.springframework.boot.SpringApplication.run(SpringApplication.java:1332)
	at com.rabitabank.task.demo.DemoApplication.main(DemoApplication.java:12)
Caused by: java.lang.IllegalStateException: Logback configuration error detected: 
ERROR in ch.qos.logback.core.joran.spi.Interpreter@27:72 - no applicable action for [dataSource], current ElementPath  is [[configuration][appender][connectionSource][dataSource]]
	at org.springframework.boot.logging.logback.LogbackLoggingSystem.loadConfiguration(LogbackLoggingSystem.java:179)
	at org.springframework.boot.logging.AbstractLoggingSystem.initializeWithConventions(AbstractLoggingSystem.java:80)
	at org.springframework.boot.logging.AbstractLoggingSystem.initialize(AbstractLoggingSystem.java:60)
	at org.springframework.boot.logging.logback.LogbackLoggingSystem.initialize(LogbackLoggingSystem.java:132)
	at org.springframework.boot.context.logging.LoggingApplicationListener.initializeSystem(LoggingApplicationListener.java:313)
	... 18 common frames omitted
[14.07 22:03:32] - Application run failed
java.lang.IllegalStateException: java.lang.IllegalStateException: Logback configuration error detected: 
ERROR in ch.qos.logback.core.joran.spi.Interpreter@27:72 - no applicable action for [dataSource], current ElementPath  is [[configuration][appender][connectionSource][dataSource]]
	at org.springframework.boot.context.logging.LoggingApplicationListener.initializeSystem(LoggingApplicationListener.java:328)
	at org.springframework.boot.context.logging.LoggingApplicationListener.initialize(LoggingApplicationListener.java:282)
	at org.springframework.boot.context.logging.LoggingApplicationListener.onApplicationEnvironmentPreparedEvent(LoggingApplicationListener.java:240)
	at org.springframework.boot.context.logging.LoggingApplicationListener.onApplicationEvent(LoggingApplicationListener.java:216)
	at org.springframework.context.event.SimpleApplicationEventMulticaster.doInvokeListener(SimpleApplicationEventMulticaster.java:176)
	at org.springframework.context.event.SimpleApplicationEventMulticaster.invokeListener(SimpleApplicationEventMulticaster.java:169)
	at org.springframework.context.event.SimpleApplicationEventMulticaster.multicastEvent(SimpleApplicationEventMulticaster.java:143)
	at org.springframework.context.event.SimpleApplicationEventMulticaster.multicastEvent(SimpleApplicationEventMulticaster.java:131)
	at org.springframework.boot.context.event.EventPublishingRunListener.environmentPrepared(EventPublishingRunListener.java:82)
	at org.springframework.boot.SpringApplicationRunListeners.lambda$environmentPrepared$2(SpringApplicationRunListeners.java:63)
	at java.base/java.util.ArrayList.forEach(ArrayList.java:1541)
	at org.springframework.boot.SpringApplicationRunListeners.doWithListeners(SpringApplicationRunListeners.java:117)
	at org.springframework.boot.SpringApplicationRunListeners.doWithListeners(SpringApplicationRunListeners.java:111)
	at org.springframework.boot.SpringApplicationRunListeners.environmentPrepared(SpringApplicationRunListeners.java:62)
	at org.springframework.boot.SpringApplication.prepareEnvironment(SpringApplication.java:374)
	at org.springframework.boot.SpringApplication.run(SpringApplication.java:332)
	at org.springframework.boot.SpringApplication.run(SpringApplication.java:1343)
	at org.springframework.boot.SpringApplication.run(SpringApplication.java:1332)
	at com.rabitabank.task.demo.DemoApplication.main(DemoApplication.java:12)
Caused by: java.lang.IllegalStateException: Logback configuration error detected: 
ERROR in ch.qos.logback.core.joran.spi.Interpreter@27:72 - no applicable action for [dataSource], current ElementPath  is [[configuration][appender][connectionSource][dataSource]]
	at org.springframework.boot.logging.logback.LogbackLoggingSystem.loadConfiguration(LogbackLoggingSystem.java:179)
	at org.springframework.boot.logging.AbstractLoggingSystem.initializeWithConventions(AbstractLoggingSystem.java:80)
	at org.springframework.boot.logging.AbstractLoggingSystem.initialize(AbstractLoggingSystem.java:60)
	at org.springframework.boot.logging.logback.LogbackLoggingSystem.initialize(LogbackLoggingSystem.java:132)
	at org.springframework.boot.context.logging.LoggingApplicationListener.initializeSystem(LoggingApplicationListener.java:313)
	... 18 common frames omitted
[14.07 22:03:57] - Starting DemoApplication using Java 11.0.11 on DESKTOP-PBQE3MK with PID 21336 (C:\Users\HOME\Desktop\spring based projects\demo\target\classes started by HOME in C:\Users\HOME\Desktop\spring based projects\demo)
[14.07 22:03:57] - No active profile set, falling back to default profiles: default
[14.07 22:03:58] - Bootstrapping Spring Data JPA repositories in DEFAULT mode.
[14.07 22:03:58] - Finished Spring Data repository scanning in 68 ms. Found 2 JPA repository interfaces.
[14.07 22:03:59] - Tomcat initialized with port(s): 8080 (http)
[14.07 22:03:59] - Starting service [Tomcat]
[14.07 22:03:59] - Starting Servlet engine: [Apache Tomcat/9.0.48]
[14.07 22:03:59] - Initializing Spring embedded WebApplicationContext
[14.07 22:03:59] - Root WebApplicationContext: initialization completed in 1909 ms
[14.07 22:03:59] - HHH000204: Processing PersistenceUnitInfo [name: default]
[14.07 22:03:59] - HHH000412: Hibernate ORM core version 5.4.32.Final
[14.07 22:03:59] - HCANN000001: Hibernate Commons Annotations {5.1.2.Final}
[14.07 22:04:00] - HikariPool-1 - Starting...
[14.07 22:04:00] - Registered driver with driverClassName=com.mysql.jdbc.Driver was not found, trying direct instantiation.
[14.07 22:04:00] - HikariPool-1 - Start completed.
[14.07 22:04:00] - HHH000400: Using dialect: org.hibernate.dialect.MySQL8Dialect
[14.07 22:04:03] - HHH000490: Using JtaPlatform implementation: [org.hibernate.engine.transaction.jta.platform.internal.NoJtaPlatform]
[14.07 22:04:03] - Initialized JPA EntityManagerFactory for persistence unit 'default'
[14.07 22:04:03] - spring.jpa.open-in-view is enabled by default. Therefore, database queries may be performed during view rendering. Explicitly configure spring.jpa.open-in-view to disable this warning
[14.07 22:04:04] - Tomcat started on port(s): 8080 (http) with context path ''
[14.07 22:04:04] - Started DemoApplication in 7.883 seconds (JVM running for 9.039)
[14.07 22:04:46] - Initializing Spring DispatcherServlet 'dispatcherServlet'
[14.07 22:04:46] - Initializing Servlet 'dispatcherServlet'
[14.07 22:04:46] - Completed initialization in 1 ms
[14.07 22:04:46] - Call add service
[14.07 22:04:46] - Response add service
[14.07 22:09:16] - Application run failed
java.lang.IllegalStateException: java.lang.IllegalStateException: Logback configuration error detected: 
ERROR in ch.qos.logback.core.joran.spi.Interpreter@26:88 - no applicable action for [connectionSource], current ElementPath  is [[configuration][appender][connectionSource]]
ERROR in ch.qos.logback.core.joran.spi.Interpreter@27:26 - no applicable action for [driverClass], current ElementPath  is [[configuration][appender][connectionSource][driverClass]]
ERROR in ch.qos.logback.core.joran.spi.Interpreter@28:18 - no applicable action for [url], current ElementPath  is [[configuration][appender][connectionSource][url]]
ERROR in ch.qos.logback.core.joran.spi.Interpreter@29:19 - no applicable action for [user], current ElementPath  is [[configuration][appender][connectionSource][user]]
ERROR in ch.qos.logback.core.joran.spi.Interpreter@30:23 - no applicable action for [password], current ElementPath  is [[configuration][appender][connectionSource][password]]
	at org.springframework.boot.context.logging.LoggingApplicationListener.initializeSystem(LoggingApplicationListener.java:328)
	at org.springframework.boot.context.logging.LoggingApplicationListener.initialize(LoggingApplicationListener.java:282)
	at org.springframework.boot.context.logging.LoggingApplicationListener.onApplicationEnvironmentPreparedEvent(LoggingApplicationListener.java:240)
	at org.springframework.boot.context.logging.LoggingApplicationListener.onApplicationEvent(LoggingApplicationListener.java:216)
	at org.springframework.context.event.SimpleApplicationEventMulticaster.doInvokeListener(SimpleApplicationEventMulticaster.java:176)
	at org.springframework.context.event.SimpleApplicationEventMulticaster.invokeListener(SimpleApplicationEventMulticaster.java:169)
	at org.springframework.context.event.SimpleApplicationEventMulticaster.multicastEvent(SimpleApplicationEventMulticaster.java:143)
	at org.springframework.context.event.SimpleApplicationEventMulticaster.multicastEvent(SimpleApplicationEventMulticaster.java:131)
	at org.springframework.boot.context.event.EventPublishingRunListener.environmentPrepared(EventPublishingRunListener.java:82)
	at org.springframework.boot.SpringApplicationRunListeners.lambda$environmentPrepared$2(SpringApplicationRunListeners.java:63)
	at java.base/java.util.ArrayList.forEach(ArrayList.java:1541)
	at org.springframework.boot.SpringApplicationRunListeners.doWithListeners(SpringApplicationRunListeners.java:117)
	at org.springframework.boot.SpringApplicationRunListeners.doWithListeners(SpringApplicationRunListeners.java:111)
	at org.springframework.boot.SpringApplicationRunListeners.environmentPrepared(SpringApplicationRunListeners.java:62)
	at org.springframework.boot.SpringApplication.prepareEnvironment(SpringApplication.java:374)
	at org.springframework.boot.SpringApplication.run(SpringApplication.java:332)
	at org.springframework.boot.SpringApplication.run(SpringApplication.java:1343)
	at org.springframework.boot.SpringApplication.run(SpringApplication.java:1332)
	at com.rabitabank.task.demo.DemoApplication.main(DemoApplication.java:12)
Caused by: java.lang.IllegalStateException: Logback configuration error detected: 
ERROR in ch.qos.logback.core.joran.spi.Interpreter@26:88 - no applicable action for [connectionSource], current ElementPath  is [[configuration][appender][connectionSource]]
ERROR in ch.qos.logback.core.joran.spi.Interpreter@27:26 - no applicable action for [driverClass], current ElementPath  is [[configuration][appender][connectionSource][driverClass]]
ERROR in ch.qos.logback.core.joran.spi.Interpreter@28:18 - no applicable action for [url], current ElementPath  is [[configuration][appender][connectionSource][url]]
ERROR in ch.qos.logback.core.joran.spi.Interpreter@29:19 - no applicable action for [user], current ElementPath  is [[configuration][appender][connectionSource][user]]
ERROR in ch.qos.logback.core.joran.spi.Interpreter@30:23 - no applicable action for [password], current ElementPath  is [[configuration][appender][connectionSource][password]]
	at org.springframework.boot.logging.logback.LogbackLoggingSystem.loadConfiguration(LogbackLoggingSystem.java:179)
	at org.springframework.boot.logging.AbstractLoggingSystem.initializeWithConventions(AbstractLoggingSystem.java:80)
	at org.springframework.boot.logging.AbstractLoggingSystem.initialize(AbstractLoggingSystem.java:60)
	at org.springframework.boot.logging.logback.LogbackLoggingSystem.initialize(LogbackLoggingSystem.java:132)
	at org.springframework.boot.context.logging.LoggingApplicationListener.initializeSystem(LoggingApplicationListener.java:313)
	... 18 common frames omitted
[14.07 22:10:28] - Application run failed
java.lang.IllegalStateException: java.lang.IllegalStateException: Logback configuration error detected: 
ERROR in ch.qos.logback.core.joran.spi.Interpreter@26:28 - no applicable action for [root], current ElementPath  is [[configuration][appender][root]]
ERROR in ch.qos.logback.core.joran.spi.Interpreter@27:37 - no applicable action for [appender-ref], current ElementPath  is [[configuration][appender][root][appender-ref]]
	at org.springframework.boot.context.logging.LoggingApplicationListener.initializeSystem(LoggingApplicationListener.java:328)
	at org.springframework.boot.context.logging.LoggingApplicationListener.initialize(LoggingApplicationListener.java:282)
	at org.springframework.boot.context.logging.LoggingApplicationListener.onApplicationEnvironmentPreparedEvent(LoggingApplicationListener.java:240)
	at org.springframework.boot.context.logging.LoggingApplicationListener.onApplicationEvent(LoggingApplicationListener.java:216)
	at org.springframework.context.event.SimpleApplicationEventMulticaster.doInvokeListener(SimpleApplicationEventMulticaster.java:176)
	at org.springframework.context.event.SimpleApplicationEventMulticaster.invokeListener(SimpleApplicationEventMulticaster.java:169)
	at org.springframework.context.event.SimpleApplicationEventMulticaster.multicastEvent(SimpleApplicationEventMulticaster.java:143)
	at org.springframework.context.event.SimpleApplicationEventMulticaster.multicastEvent(SimpleApplicationEventMulticaster.java:131)
	at org.springframework.boot.context.event.EventPublishingRunListener.environmentPrepared(EventPublishingRunListener.java:82)
	at org.springframework.boot.SpringApplicationRunListeners.lambda$environmentPrepared$2(SpringApplicationRunListeners.java:63)
	at java.base/java.util.ArrayList.forEach(ArrayList.java:1541)
	at org.springframework.boot.SpringApplicationRunListeners.doWithListeners(SpringApplicationRunListeners.java:117)
	at org.springframework.boot.SpringApplicationRunListeners.doWithListeners(SpringApplicationRunListeners.java:111)
	at org.springframework.boot.SpringApplicationRunListeners.environmentPrepared(SpringApplicationRunListeners.java:62)
	at org.springframework.boot.SpringApplication.prepareEnvironment(SpringApplication.java:374)
	at org.springframework.boot.SpringApplication.run(SpringApplication.java:332)
	at org.springframework.boot.SpringApplication.run(SpringApplication.java:1343)
	at org.springframework.boot.SpringApplication.run(SpringApplication.java:1332)
	at com.rabitabank.task.demo.DemoApplication.main(DemoApplication.java:12)
Caused by: java.lang.IllegalStateException: Logback configuration error detected: 
ERROR in ch.qos.logback.core.joran.spi.Interpreter@26:28 - no applicable action for [root], current ElementPath  is [[configuration][appender][root]]
ERROR in ch.qos.logback.core.joran.spi.Interpreter@27:37 - no applicable action for [appender-ref], current ElementPath  is [[configuration][appender][root][appender-ref]]
	at org.springframework.boot.logging.logback.LogbackLoggingSystem.loadConfiguration(LogbackLoggingSystem.java:179)
	at org.springframework.boot.logging.AbstractLoggingSystem.initializeWithConventions(AbstractLoggingSystem.java:80)
	at org.springframework.boot.logging.AbstractLoggingSystem.initialize(AbstractLoggingSystem.java:60)
	at org.springframework.boot.logging.logback.LogbackLoggingSystem.initialize(LogbackLoggingSystem.java:132)
	at org.springframework.boot.context.logging.LoggingApplicationListener.initializeSystem(LoggingApplicationListener.java:313)
	... 18 common frames omitted
[14.07 22:14:59] - Application run failed
java.lang.IllegalStateException: java.lang.IllegalStateException: Logback configuration error detected: 
ERROR in ch.qos.logback.core.joran.spi.Interpreter@26:88 - no applicable action for [connectionSource], current ElementPath  is [[configuration][appender][connectionSource]]
ERROR in ch.qos.logback.core.joran.spi.Interpreter@27:26 - no applicable action for [driverClass], current ElementPath  is [[configuration][appender][connectionSource][driverClass]]
ERROR in ch.qos.logback.core.joran.spi.Interpreter@28:18 - no applicable action for [url], current ElementPath  is [[configuration][appender][connectionSource][url]]
ERROR in ch.qos.logback.core.joran.spi.Interpreter@29:19 - no applicable action for [user], current ElementPath  is [[configuration][appender][connectionSource][user]]
ERROR in ch.qos.logback.core.joran.spi.Interpreter@30:23 - no applicable action for [password], current ElementPath  is [[configuration][appender][connectionSource][password]]
	at org.springframework.boot.context.logging.LoggingApplicationListener.initializeSystem(LoggingApplicationListener.java:328)
	at org.springframework.boot.context.logging.LoggingApplicationListener.initialize(LoggingApplicationListener.java:282)
	at org.springframework.boot.context.logging.LoggingApplicationListener.onApplicationEnvironmentPreparedEvent(LoggingApplicationListener.java:240)
	at org.springframework.boot.context.logging.LoggingApplicationListener.onApplicationEvent(LoggingApplicationListener.java:216)
	at org.springframework.context.event.SimpleApplicationEventMulticaster.doInvokeListener(SimpleApplicationEventMulticaster.java:176)
	at org.springframework.context.event.SimpleApplicationEventMulticaster.invokeListener(SimpleApplicationEventMulticaster.java:169)
	at org.springframework.context.event.SimpleApplicationEventMulticaster.multicastEvent(SimpleApplicationEventMulticaster.java:143)
	at org.springframework.context.event.SimpleApplicationEventMulticaster.multicastEvent(SimpleApplicationEventMulticaster.java:131)
	at org.springframework.boot.context.event.EventPublishingRunListener.environmentPrepared(EventPublishingRunListener.java:82)
	at org.springframework.boot.SpringApplicationRunListeners.lambda$environmentPrepared$2(SpringApplicationRunListeners.java:63)
	at java.base/java.util.ArrayList.forEach(ArrayList.java:1541)
	at org.springframework.boot.SpringApplicationRunListeners.doWithListeners(SpringApplicationRunListeners.java:117)
	at org.springframework.boot.SpringApplicationRunListeners.doWithListeners(SpringApplicationRunListeners.java:111)
	at org.springframework.boot.SpringApplicationRunListeners.environmentPrepared(SpringApplicationRunListeners.java:62)
	at org.springframework.boot.SpringApplication.prepareEnvironment(SpringApplication.java:374)
	at org.springframework.boot.SpringApplication.run(SpringApplication.java:332)
	at org.springframework.boot.SpringApplication.run(SpringApplication.java:1343)
	at org.springframework.boot.SpringApplication.run(SpringApplication.java:1332)
	at com.rabitabank.task.demo.DemoApplication.main(DemoApplication.java:12)
Caused by: java.lang.IllegalStateException: Logback configuration error detected: 
ERROR in ch.qos.logback.core.joran.spi.Interpreter@26:88 - no applicable action for [connectionSource], current ElementPath  is [[configuration][appender][connectionSource]]
ERROR in ch.qos.logback.core.joran.spi.Interpreter@27:26 - no applicable action for [driverClass], current ElementPath  is [[configuration][appender][connectionSource][driverClass]]
ERROR in ch.qos.logback.core.joran.spi.Interpreter@28:18 - no applicable action for [url], current ElementPath  is [[configuration][appender][connectionSource][url]]
ERROR in ch.qos.logback.core.joran.spi.Interpreter@29:19 - no applicable action for [user], current ElementPath  is [[configuration][appender][connectionSource][user]]
ERROR in ch.qos.logback.core.joran.spi.Interpreter@30:23 - no applicable action for [password], current ElementPath  is [[configuration][appender][connectionSource][password]]
	at org.springframework.boot.logging.logback.LogbackLoggingSystem.loadConfiguration(LogbackLoggingSystem.java:179)
	at org.springframework.boot.logging.AbstractLoggingSystem.initializeWithConventions(AbstractLoggingSystem.java:80)
	at org.springframework.boot.logging.AbstractLoggingSystem.initialize(AbstractLoggingSystem.java:60)
	at org.springframework.boot.logging.logback.LogbackLoggingSystem.initialize(LogbackLoggingSystem.java:132)
	at org.springframework.boot.context.logging.LoggingApplicationListener.initializeSystem(LoggingApplicationListener.java:313)
	... 18 common frames omitted
[14.07 22:16:30] - Application run failed
java.lang.IllegalStateException: java.lang.IllegalStateException: Logback configuration error detected: 
ERROR in ch.qos.logback.core.joran.spi.Interpreter@26:55 - no applicable action for [property], current ElementPath  is [[configuration][appender][property]]
	at org.springframework.boot.context.logging.LoggingApplicationListener.initializeSystem(LoggingApplicationListener.java:328)
	at org.springframework.boot.context.logging.LoggingApplicationListener.initialize(LoggingApplicationListener.java:282)
	at org.springframework.boot.context.logging.LoggingApplicationListener.onApplicationEnvironmentPreparedEvent(LoggingApplicationListener.java:240)
	at org.springframework.boot.context.logging.LoggingApplicationListener.onApplicationEvent(LoggingApplicationListener.java:216)
	at org.springframework.context.event.SimpleApplicationEventMulticaster.doInvokeListener(SimpleApplicationEventMulticaster.java:176)
	at org.springframework.context.event.SimpleApplicationEventMulticaster.invokeListener(SimpleApplicationEventMulticaster.java:169)
	at org.springframework.context.event.SimpleApplicationEventMulticaster.multicastEvent(SimpleApplicationEventMulticaster.java:143)
	at org.springframework.context.event.SimpleApplicationEventMulticaster.multicastEvent(SimpleApplicationEventMulticaster.java:131)
	at org.springframework.boot.context.event.EventPublishingRunListener.environmentPrepared(EventPublishingRunListener.java:82)
	at org.springframework.boot.SpringApplicationRunListeners.lambda$environmentPrepared$2(SpringApplicationRunListeners.java:63)
	at java.base/java.util.ArrayList.forEach(ArrayList.java:1541)
	at org.springframework.boot.SpringApplicationRunListeners.doWithListeners(SpringApplicationRunListeners.java:117)
	at org.springframework.boot.SpringApplicationRunListeners.doWithListeners(SpringApplicationRunListeners.java:111)
	at org.springframework.boot.SpringApplicationRunListeners.environmentPrepared(SpringApplicationRunListeners.java:62)
	at org.springframework.boot.SpringApplication.prepareEnvironment(SpringApplication.java:374)
	at org.springframework.boot.SpringApplication.run(SpringApplication.java:332)
	at org.springframework.boot.SpringApplication.run(SpringApplication.java:1343)
	at org.springframework.boot.SpringApplication.run(SpringApplication.java:1332)
	at com.rabitabank.task.demo.DemoApplication.main(DemoApplication.java:12)
Caused by: java.lang.IllegalStateException: Logback configuration error detected: 
ERROR in ch.qos.logback.core.joran.spi.Interpreter@26:55 - no applicable action for [property], current ElementPath  is [[configuration][appender][property]]
	at org.springframework.boot.logging.logback.LogbackLoggingSystem.loadConfiguration(LogbackLoggingSystem.java:179)
	at org.springframework.boot.logging.AbstractLoggingSystem.initializeWithConventions(AbstractLoggingSystem.java:80)
	at org.springframework.boot.logging.AbstractLoggingSystem.initialize(AbstractLoggingSystem.java:60)
	at org.springframework.boot.logging.logback.LogbackLoggingSystem.initialize(LogbackLoggingSystem.java:132)
	at org.springframework.boot.context.logging.LoggingApplicationListener.initializeSystem(LoggingApplicationListener.java:313)
	... 18 common frames omitted
[14.07 22:17:29] - Application run failed
java.lang.IllegalStateException: java.lang.IllegalStateException: Logback configuration error detected: 
ERROR in ch.qos.logback.core.joran.spi.Interpreter@26:55 - no applicable action for [property], current ElementPath  is [[configuration][appender][property]]
	at org.springframework.boot.context.logging.LoggingApplicationListener.initializeSystem(LoggingApplicationListener.java:328)
	at org.springframework.boot.context.logging.LoggingApplicationListener.initialize(LoggingApplicationListener.java:282)
	at org.springframework.boot.context.logging.LoggingApplicationListener.onApplicationEnvironmentPreparedEvent(LoggingApplicationListener.java:240)
	at org.springframework.boot.context.logging.LoggingApplicationListener.onApplicationEvent(LoggingApplicationListener.java:216)
	at org.springframework.context.event.SimpleApplicationEventMulticaster.doInvokeListener(SimpleApplicationEventMulticaster.java:176)
	at org.springframework.context.event.SimpleApplicationEventMulticaster.invokeListener(SimpleApplicationEventMulticaster.java:169)
	at org.springframework.context.event.SimpleApplicationEventMulticaster.multicastEvent(SimpleApplicationEventMulticaster.java:143)
	at org.springframework.context.event.SimpleApplicationEventMulticaster.multicastEvent(SimpleApplicationEventMulticaster.java:131)
	at org.springframework.boot.context.event.EventPublishingRunListener.environmentPrepared(EventPublishingRunListener.java:82)
	at org.springframework.boot.SpringApplicationRunListeners.lambda$environmentPrepared$2(SpringApplicationRunListeners.java:63)
	at java.base/java.util.ArrayList.forEach(ArrayList.java:1541)
	at org.springframework.boot.SpringApplicationRunListeners.doWithListeners(SpringApplicationRunListeners.java:117)
	at org.springframework.boot.SpringApplicationRunListeners.doWithListeners(SpringApplicationRunListeners.java:111)
	at org.springframework.boot.SpringApplicationRunListeners.environmentPrepared(SpringApplicationRunListeners.java:62)
	at org.springframework.boot.SpringApplication.prepareEnvironment(SpringApplication.java:374)
	at org.springframework.boot.SpringApplication.run(SpringApplication.java:332)
	at org.springframework.boot.SpringApplication.run(SpringApplication.java:1343)
	at org.springframework.boot.SpringApplication.run(SpringApplication.java:1332)
	at com.rabitabank.task.demo.DemoApplication.main(DemoApplication.java:12)
Caused by: java.lang.IllegalStateException: Logback configuration error detected: 
ERROR in ch.qos.logback.core.joran.spi.Interpreter@26:55 - no applicable action for [property], current ElementPath  is [[configuration][appender][property]]
	at org.springframework.boot.logging.logback.LogbackLoggingSystem.loadConfiguration(LogbackLoggingSystem.java:179)
	at org.springframework.boot.logging.AbstractLoggingSystem.initializeWithConventions(AbstractLoggingSystem.java:80)
	at org.springframework.boot.logging.AbstractLoggingSystem.initialize(AbstractLoggingSystem.java:60)
	at org.springframework.boot.logging.logback.LogbackLoggingSystem.initialize(LogbackLoggingSystem.java:132)
	at org.springframework.boot.context.logging.LoggingApplicationListener.initializeSystem(LoggingApplicationListener.java:313)
	... 18 common frames omitted
