[15.07 06:04:22] - Application run failed
java.lang.IllegalStateException: java.lang.IllegalStateException: Logback configuration error detected: 
ERROR in ch.qos.logback.core.joran.spi.Interpreter@26:18 - no applicable action for [encoder], current ElementPath  is [[configuration][appender][encoder]]
ERROR in ch.qos.logback.core.joran.spi.Interpreter@27:22 - no applicable action for [pattern], current ElementPath  is [[configuration][appender][encoder][pattern]]
ERROR in ch.qos.logback.core.joran.spi.Interpreter@31:55 - no applicable action for [property], current ElementPath  is [[configuration][appender][property]]
	at org.springframework.boot.context.logging.LoggingApplicationListener.initializeSystem(LoggingApplicationListener.java:328)
	at org.springframework.boot.context.logging.LoggingApplicationListener.initialize(LoggingApplicationListener.java:282)
	at org.springframework.boot.context.logging.LoggingApplicationListener.onApplicationEnvironmentPreparedEvent(LoggingApplicationListener.java:240)
	at org.springframework.boot.context.logging.LoggingApplicationListener.onApplicationEvent(LoggingApplicationListener.java:216)
	at org.springframework.context.event.SimpleApplicationEventMulticaster.doInvokeListener(SimpleApplicationEventMulticaster.java:176)
	at org.springframework.context.event.SimpleApplicationEventMulticaster.invokeListener(SimpleApplicationEventMulticaster.java:169)
	at org.springframework.context.event.SimpleApplicationEventMulticaster.multicastEvent(SimpleApplicationEventMulticaster.java:143)
	at org.springframework.context.event.SimpleApplicationEventMulticaster.multicastEvent(SimpleApplicationEventMulticaster.java:131)
	at org.springframework.boot.context.event.EventPublishingRunListener.environmentPrepared(EventPublishingRunListener.java:82)
	at org.springframework.boot.SpringApplicationRunListeners.lambda$environmentPrepared$2(SpringApplicationRunListeners.java:63)
	at java.base/java.util.ArrayList.forEach(ArrayList.java:1541)
	at org.springframework.boot.SpringApplicationRunListeners.doWithListeners(SpringApplicationRunListeners.java:117)
	at org.springframework.boot.SpringApplicationRunListeners.doWithListeners(SpringApplicationRunListeners.java:111)
	at org.springframework.boot.SpringApplicationRunListeners.environmentPrepared(SpringApplicationRunListeners.java:62)
	at org.springframework.boot.SpringApplication.prepareEnvironment(SpringApplication.java:374)
	at org.springframework.boot.SpringApplication.run(SpringApplication.java:332)
	at org.springframework.boot.SpringApplication.run(SpringApplication.java:1343)
	at org.springframework.boot.SpringApplication.run(SpringApplication.java:1332)
	at com.rabitabank.task.demo.DemoApplication.main(DemoApplication.java:12)
Caused by: java.lang.IllegalStateException: Logback configuration error detected: 
ERROR in ch.qos.logback.core.joran.spi.Interpreter@26:18 - no applicable action for [encoder], current ElementPath  is [[configuration][appender][encoder]]
ERROR in ch.qos.logback.core.joran.spi.Interpreter@27:22 - no applicable action for [pattern], current ElementPath  is [[configuration][appender][encoder][pattern]]
ERROR in ch.qos.logback.core.joran.spi.Interpreter@31:55 - no applicable action for [property], current ElementPath  is [[configuration][appender][property]]
	at org.springframework.boot.logging.logback.LogbackLoggingSystem.loadConfiguration(LogbackLoggingSystem.java:179)
	at org.springframework.boot.logging.AbstractLoggingSystem.initializeWithConventions(AbstractLoggingSystem.java:80)
	at org.springframework.boot.logging.AbstractLoggingSystem.initialize(AbstractLoggingSystem.java:60)
	at org.springframework.boot.logging.logback.LogbackLoggingSystem.initialize(LogbackLoggingSystem.java:132)
	at org.springframework.boot.context.logging.LoggingApplicationListener.initializeSystem(LoggingApplicationListener.java:313)
	... 18 common frames omitted
[15.07 06:06:47] - Application run failed
java.lang.IllegalStateException: java.lang.IllegalStateException: Logback configuration error detected: 
ERROR in ch.qos.logback.core.joran.spi.Interpreter@26:18 - no applicable action for [encoder], current ElementPath  is [[configuration][appender][encoder]]
ERROR in ch.qos.logback.core.joran.spi.Interpreter@27:22 - no applicable action for [pattern], current ElementPath  is [[configuration][appender][encoder][pattern]]
ERROR in ch.qos.logback.core.joran.spi.Interpreter@31:55 - no applicable action for [property], current ElementPath  is [[configuration][appender][property]]
	at org.springframework.boot.context.logging.LoggingApplicationListener.initializeSystem(LoggingApplicationListener.java:328)
	at org.springframework.boot.context.logging.LoggingApplicationListener.initialize(LoggingApplicationListener.java:282)
	at org.springframework.boot.context.logging.LoggingApplicationListener.onApplicationEnvironmentPreparedEvent(LoggingApplicationListener.java:240)
	at org.springframework.boot.context.logging.LoggingApplicationListener.onApplicationEvent(LoggingApplicationListener.java:216)
	at org.springframework.context.event.SimpleApplicationEventMulticaster.doInvokeListener(SimpleApplicationEventMulticaster.java:176)
	at org.springframework.context.event.SimpleApplicationEventMulticaster.invokeListener(SimpleApplicationEventMulticaster.java:169)
	at org.springframework.context.event.SimpleApplicationEventMulticaster.multicastEvent(SimpleApplicationEventMulticaster.java:143)
	at org.springframework.context.event.SimpleApplicationEventMulticaster.multicastEvent(SimpleApplicationEventMulticaster.java:131)
	at org.springframework.boot.context.event.EventPublishingRunListener.environmentPrepared(EventPublishingRunListener.java:82)
	at org.springframework.boot.SpringApplicationRunListeners.lambda$environmentPrepared$2(SpringApplicationRunListeners.java:63)
	at java.base/java.util.ArrayList.forEach(ArrayList.java:1541)
	at org.springframework.boot.SpringApplicationRunListeners.doWithListeners(SpringApplicationRunListeners.java:117)
	at org.springframework.boot.SpringApplicationRunListeners.doWithListeners(SpringApplicationRunListeners.java:111)
	at org.springframework.boot.SpringApplicationRunListeners.environmentPrepared(SpringApplicationRunListeners.java:62)
	at org.springframework.boot.SpringApplication.prepareEnvironment(SpringApplication.java:374)
	at org.springframework.boot.SpringApplication.run(SpringApplication.java:332)
	at org.springframework.boot.SpringApplication.run(SpringApplication.java:1343)
	at org.springframework.boot.SpringApplication.run(SpringApplication.java:1332)
	at com.rabitabank.task.demo.DemoApplication.main(DemoApplication.java:12)
Caused by: java.lang.IllegalStateException: Logback configuration error detected: 
ERROR in ch.qos.logback.core.joran.spi.Interpreter@26:18 - no applicable action for [encoder], current ElementPath  is [[configuration][appender][encoder]]
ERROR in ch.qos.logback.core.joran.spi.Interpreter@27:22 - no applicable action for [pattern], current ElementPath  is [[configuration][appender][encoder][pattern]]
ERROR in ch.qos.logback.core.joran.spi.Interpreter@31:55 - no applicable action for [property], current ElementPath  is [[configuration][appender][property]]
	at org.springframework.boot.logging.logback.LogbackLoggingSystem.loadConfiguration(LogbackLoggingSystem.java:179)
	at org.springframework.boot.logging.AbstractLoggingSystem.initializeWithConventions(AbstractLoggingSystem.java:80)
	at org.springframework.boot.logging.AbstractLoggingSystem.initialize(AbstractLoggingSystem.java:60)
	at org.springframework.boot.logging.logback.LogbackLoggingSystem.initialize(LogbackLoggingSystem.java:132)
	at org.springframework.boot.context.logging.LoggingApplicationListener.initializeSystem(LoggingApplicationListener.java:313)
	... 18 common frames omitted
[15.07 06:07:13] - Application run failed
java.lang.IllegalStateException: java.lang.IllegalStateException: Logback configuration error detected: 
ERROR in ch.qos.logback.core.joran.spi.Interpreter@26:55 - no applicable action for [property], current ElementPath  is [[configuration][appender][property]]
	at org.springframework.boot.context.logging.LoggingApplicationListener.initializeSystem(LoggingApplicationListener.java:328)
	at org.springframework.boot.context.logging.LoggingApplicationListener.initialize(LoggingApplicationListener.java:282)
	at org.springframework.boot.context.logging.LoggingApplicationListener.onApplicationEnvironmentPreparedEvent(LoggingApplicationListener.java:240)
	at org.springframework.boot.context.logging.LoggingApplicationListener.onApplicationEvent(LoggingApplicationListener.java:216)
	at org.springframework.context.event.SimpleApplicationEventMulticaster.doInvokeListener(SimpleApplicationEventMulticaster.java:176)
	at org.springframework.context.event.SimpleApplicationEventMulticaster.invokeListener(SimpleApplicationEventMulticaster.java:169)
	at org.springframework.context.event.SimpleApplicationEventMulticaster.multicastEvent(SimpleApplicationEventMulticaster.java:143)
	at org.springframework.context.event.SimpleApplicationEventMulticaster.multicastEvent(SimpleApplicationEventMulticaster.java:131)
	at org.springframework.boot.context.event.EventPublishingRunListener.environmentPrepared(EventPublishingRunListener.java:82)
	at org.springframework.boot.SpringApplicationRunListeners.lambda$environmentPrepared$2(SpringApplicationRunListeners.java:63)
	at java.base/java.util.ArrayList.forEach(ArrayList.java:1541)
	at org.springframework.boot.SpringApplicationRunListeners.doWithListeners(SpringApplicationRunListeners.java:117)
	at org.springframework.boot.SpringApplicationRunListeners.doWithListeners(SpringApplicationRunListeners.java:111)
	at org.springframework.boot.SpringApplicationRunListeners.environmentPrepared(SpringApplicationRunListeners.java:62)
	at org.springframework.boot.SpringApplication.prepareEnvironment(SpringApplication.java:374)
	at org.springframework.boot.SpringApplication.run(SpringApplication.java:332)
	at org.springframework.boot.SpringApplication.run(SpringApplication.java:1343)
	at org.springframework.boot.SpringApplication.run(SpringApplication.java:1332)
	at com.rabitabank.task.demo.DemoApplication.main(DemoApplication.java:12)
Caused by: java.lang.IllegalStateException: Logback configuration error detected: 
ERROR in ch.qos.logback.core.joran.spi.Interpreter@26:55 - no applicable action for [property], current ElementPath  is [[configuration][appender][property]]
	at org.springframework.boot.logging.logback.LogbackLoggingSystem.loadConfiguration(LogbackLoggingSystem.java:179)
	at org.springframework.boot.logging.AbstractLoggingSystem.initializeWithConventions(AbstractLoggingSystem.java:80)
	at org.springframework.boot.logging.AbstractLoggingSystem.initialize(AbstractLoggingSystem.java:60)
	at org.springframework.boot.logging.logback.LogbackLoggingSystem.initialize(LogbackLoggingSystem.java:132)
	at org.springframework.boot.context.logging.LoggingApplicationListener.initializeSystem(LoggingApplicationListener.java:313)
	... 18 common frames omitted
[15.07 06:18:37] - Application run failed
java.lang.IllegalStateException: java.lang.IllegalStateException: Logback configuration error detected: 
ERROR in ch.qos.logback.core.joran.spi.Interpreter@26:55 - no applicable action for [property], current ElementPath  is [[configuration][appender][property]]
	at org.springframework.boot.context.logging.LoggingApplicationListener.initializeSystem(LoggingApplicationListener.java:328)
	at org.springframework.boot.context.logging.LoggingApplicationListener.initialize(LoggingApplicationListener.java:282)
	at org.springframework.boot.context.logging.LoggingApplicationListener.onApplicationEnvironmentPreparedEvent(LoggingApplicationListener.java:240)
	at org.springframework.boot.context.logging.LoggingApplicationListener.onApplicationEvent(LoggingApplicationListener.java:216)
	at org.springframework.context.event.SimpleApplicationEventMulticaster.doInvokeListener(SimpleApplicationEventMulticaster.java:176)
	at org.springframework.context.event.SimpleApplicationEventMulticaster.invokeListener(SimpleApplicationEventMulticaster.java:169)
	at org.springframework.context.event.SimpleApplicationEventMulticaster.multicastEvent(SimpleApplicationEventMulticaster.java:143)
	at org.springframework.context.event.SimpleApplicationEventMulticaster.multicastEvent(SimpleApplicationEventMulticaster.java:131)
	at org.springframework.boot.context.event.EventPublishingRunListener.environmentPrepared(EventPublishingRunListener.java:82)
	at org.springframework.boot.SpringApplicationRunListeners.lambda$environmentPrepared$2(SpringApplicationRunListeners.java:63)
	at java.base/java.util.ArrayList.forEach(ArrayList.java:1541)
	at org.springframework.boot.SpringApplicationRunListeners.doWithListeners(SpringApplicationRunListeners.java:117)
	at org.springframework.boot.SpringApplicationRunListeners.doWithListeners(SpringApplicationRunListeners.java:111)
	at org.springframework.boot.SpringApplicationRunListeners.environmentPrepared(SpringApplicationRunListeners.java:62)
	at org.springframework.boot.SpringApplication.prepareEnvironment(SpringApplication.java:374)
	at org.springframework.boot.SpringApplication.run(SpringApplication.java:332)
	at org.springframework.boot.SpringApplication.run(SpringApplication.java:1343)
	at org.springframework.boot.SpringApplication.run(SpringApplication.java:1332)
	at com.rabitabank.task.demo.DemoApplication.main(DemoApplication.java:12)
Caused by: java.lang.IllegalStateException: Logback configuration error detected: 
ERROR in ch.qos.logback.core.joran.spi.Interpreter@26:55 - no applicable action for [property], current ElementPath  is [[configuration][appender][property]]
	at org.springframework.boot.logging.logback.LogbackLoggingSystem.loadConfiguration(LogbackLoggingSystem.java:179)
	at org.springframework.boot.logging.AbstractLoggingSystem.initializeWithConventions(AbstractLoggingSystem.java:80)
	at org.springframework.boot.logging.AbstractLoggingSystem.initialize(AbstractLoggingSystem.java:60)
	at org.springframework.boot.logging.logback.LogbackLoggingSystem.initialize(LogbackLoggingSystem.java:132)
	at org.springframework.boot.context.logging.LoggingApplicationListener.initializeSystem(LoggingApplicationListener.java:313)
	... 18 common frames omitted
[15.07 16:00:25] - Starting DemoApplication using Java 11.0.11 on DESKTOP-PBQE3MK with PID 21120 (C:\Users\HOME\Desktop\spring based projects\demo\target\classes started by HOME in C:\Users\HOME\Desktop\spring based projects\demo)
[15.07 16:00:25] - No active profile set, falling back to default profiles: default
[15.07 16:00:26] - Bootstrapping Spring Data JPA repositories in DEFAULT mode.
[15.07 16:00:26] - Finished Spring Data repository scanning in 90 ms. Found 2 JPA repository interfaces.
[15.07 16:00:26] - Tomcat initialized with port(s): 8080 (http)
[15.07 16:00:27] - Root WebApplicationContext: initialization completed in 1860 ms
[15.07 16:00:27] - HHH000204: Processing PersistenceUnitInfo [name: default]
[15.07 16:00:27] - HHH000412: Hibernate ORM core version 5.4.32.Final
[15.07 16:00:27] - HCANN000001: Hibernate Commons Annotations {5.1.2.Final}
[15.07 16:00:27] - HikariPool-1 - Starting...
[15.07 16:00:27] - Registered driver with driverClassName=com.mysql.jdbc.Driver was not found, trying direct instantiation.
[15.07 16:00:29] - HikariPool-1 - Start completed.
[15.07 16:00:29] - HHH000400: Using dialect: org.hibernate.dialect.MySQL8Dialect
[15.07 16:00:33] - HHH000490: Using JtaPlatform implementation: [org.hibernate.engine.transaction.jta.platform.internal.NoJtaPlatform]
[15.07 16:00:33] - Initialized JPA EntityManagerFactory for persistence unit 'default'
[15.07 16:00:34] - spring.jpa.open-in-view is enabled by default. Therefore, database queries may be performed during view rendering. Explicitly configure spring.jpa.open-in-view to disable this warning
[15.07 16:00:35] - Tomcat started on port(s): 8080 (http) with context path ''
[15.07 16:00:35] - Started DemoApplication in 10.873 seconds (JVM running for 12.982)
[15.07 16:00:48] - Initializing Servlet 'dispatcherServlet'
[15.07 16:00:48] - Completed initialization in 5 ms
[15.07 16:00:49] - Call add service
[15.07 16:00:49] - Response add service
[15.07 16:05:11] - Call add service
[15.07 16:05:11] - Response add service
[15.07 16:29:09] - Starting DemoApplication using Java 11.0.11 on DESKTOP-PBQE3MK with PID 19708 (C:\Users\HOME\Desktop\spring based projects\demo\target\classes started by HOME in C:\Users\HOME\Desktop\spring based projects\demo)
[15.07 16:29:09] - No active profile set, falling back to default profiles: default
[15.07 16:29:10] - Bootstrapping Spring Data JPA repositories in DEFAULT mode.
[15.07 16:29:10] - Finished Spring Data repository scanning in 105 ms. Found 2 JPA repository interfaces.
[15.07 16:29:11] - Tomcat initialized with port(s): 8080 (http)
[15.07 16:29:11] - Root WebApplicationContext: initialization completed in 2450 ms
[15.07 16:29:12] - HHH000204: Processing PersistenceUnitInfo [name: default]
[15.07 16:29:12] - HHH000412: Hibernate ORM core version 5.4.32.Final
[15.07 16:29:12] - HCANN000001: Hibernate Commons Annotations {5.1.2.Final}
[15.07 16:29:12] - HikariPool-1 - Starting...
[15.07 16:29:12] - Registered driver with driverClassName=com.mysql.jdbc.Driver was not found, trying direct instantiation.
[15.07 16:29:13] - HikariPool-1 - Start completed.
[15.07 16:29:13] - HHH000400: Using dialect: org.hibernate.dialect.MySQL8Dialect
[15.07 16:29:16] - HHH000490: Using JtaPlatform implementation: [org.hibernate.engine.transaction.jta.platform.internal.NoJtaPlatform]
[15.07 16:29:16] - Initialized JPA EntityManagerFactory for persistence unit 'default'
[15.07 16:29:17] - spring.jpa.open-in-view is enabled by default. Therefore, database queries may be performed during view rendering. Explicitly configure spring.jpa.open-in-view to disable this warning
[15.07 16:29:18] - Tomcat started on port(s): 8080 (http) with context path ''
[15.07 16:29:18] - Started DemoApplication in 9.499 seconds (JVM running for 11.195)
[15.07 16:29:33] - Initializing Servlet 'dispatcherServlet'
[15.07 16:29:34] - Completed initialization in 3 ms
[15.07 16:29:34] - Call add service
[15.07 16:29:34] - Response add service
[15.07 16:35:35] - Starting DemoApplication using Java 11.0.11 on DESKTOP-PBQE3MK with PID 19196 (C:\Users\HOME\Desktop\spring based projects\demo\target\classes started by HOME in C:\Users\HOME\Desktop\spring based projects\demo)
[15.07 16:35:35] - No active profile set, falling back to default profiles: default
[15.07 16:35:36] - Bootstrapping Spring Data JPA repositories in DEFAULT mode.
[15.07 16:35:36] - Finished Spring Data repository scanning in 85 ms. Found 2 JPA repository interfaces.
[15.07 16:35:37] - Tomcat initialized with port(s): 8080 (http)
[15.07 16:35:37] - Root WebApplicationContext: initialization completed in 1751 ms
[15.07 16:35:37] - HHH000204: Processing PersistenceUnitInfo [name: default]
[15.07 16:35:37] - HHH000412: Hibernate ORM core version 5.4.32.Final
[15.07 16:35:37] - HCANN000001: Hibernate Commons Annotations {5.1.2.Final}
[15.07 16:35:37] - HikariPool-1 - Starting...
[15.07 16:35:37] - Registered driver with driverClassName=com.mysql.jdbc.Driver was not found, trying direct instantiation.
[15.07 16:35:38] - HikariPool-1 - Start completed.
[15.07 16:35:38] - HHH000400: Using dialect: org.hibernate.dialect.MySQL8Dialect
[15.07 16:35:40] - HHH000490: Using JtaPlatform implementation: [org.hibernate.engine.transaction.jta.platform.internal.NoJtaPlatform]
[15.07 16:35:40] - Initialized JPA EntityManagerFactory for persistence unit 'default'
[15.07 16:35:41] - spring.jpa.open-in-view is enabled by default. Therefore, database queries may be performed during view rendering. Explicitly configure spring.jpa.open-in-view to disable this warning
[15.07 16:35:42] - Tomcat started on port(s): 8080 (http) with context path ''
[15.07 16:35:42] - Started DemoApplication in 7.559 seconds (JVM running for 10.623)
[15.07 16:35:52] - Initializing Servlet 'dispatcherServlet'
[15.07 16:35:52] - Completed initialization in 0 ms
[15.07 16:35:52] - Call add service
[15.07 16:35:53] - Response add service
[15.07 17:44:16] - Starting DemoApplication using Java 11.0.11 on DESKTOP-PBQE3MK with PID 15896 (C:\Users\HOME\Desktop\spring based projects\demo\target\classes started by HOME in C:\Users\HOME\Desktop\spring based projects\demo)
[15.07 17:44:16] - No active profile set, falling back to default profiles: default
[15.07 17:44:17] - Bootstrapping Spring Data JPA repositories in DEFAULT mode.
[15.07 17:44:17] - Finished Spring Data repository scanning in 182 ms. Found 2 JPA repository interfaces.
[15.07 17:44:18] - Tomcat initialized with port(s): 8080 (http)
[15.07 17:44:18] - Root WebApplicationContext: initialization completed in 2388 ms
[15.07 17:44:19] - HHH000204: Processing PersistenceUnitInfo [name: default]
[15.07 17:44:19] - HHH000412: Hibernate ORM core version 5.4.32.Final
[15.07 17:44:19] - HCANN000001: Hibernate Commons Annotations {5.1.2.Final}
[15.07 17:44:19] - HikariPool-1 - Starting...
[15.07 17:44:19] - Registered driver with driverClassName=com.mysql.jdbc.Driver was not found, trying direct instantiation.
[15.07 17:44:20] - HikariPool-1 - Start completed.
[15.07 17:44:20] - HHH000400: Using dialect: org.hibernate.dialect.MySQL8Dialect
[15.07 17:44:23] - HHH000490: Using JtaPlatform implementation: [org.hibernate.engine.transaction.jta.platform.internal.NoJtaPlatform]
[15.07 17:44:23] - Initialized JPA EntityManagerFactory for persistence unit 'default'
[15.07 17:44:23] - Exception encountered during context initialization - cancelling refresh attempt: org.springframework.beans.factory.UnsatisfiedDependencyException: Error creating bean with name 'mainController' defined in file [C:\Users\HOME\Desktop\spring based projects\demo\target\classes\com\rabitabank\task\demo\controller\MainController.class]: Unsatisfied dependency expressed through constructor parameter 0; nested exception is org.springframework.beans.factory.BeanCreationException: Error creating bean with name 'mainService' defined in file [C:\Users\HOME\Desktop\spring based projects\demo\target\classes\com\rabitabank\task\demo\service\MainService.class]: Instantiation of bean failed; nested exception is org.springframework.beans.BeanInstantiationException: Failed to instantiate [com.rabitabank.task.demo.service.MainService]: Constructor threw exception; nested exception is org.h2.jdbc.JdbcSQLSyntaxErrorException: Syntax error in SQL statement "CREATE TABLE IF NOT EXISTS LOG_LONG (ID INT PRIMARY KEY, INSERT_DATE TIMESTAMP, VALUE VARCHAR(20), PARENT_ID INT FOREIGN[*] KEY REFERENCES LOG(ID))"; expected "(, FOR, UNSIGNED, INVISIBLE, VISIBLE, NOT, NULL, AS, DEFAULT, GENERATED, ON, NOT, NULL, AUTO_INCREMENT, BIGSERIAL, SERIAL, IDENTITY, NULL_TO_DEFAULT, SEQUENCE, SELECTIVITY, COMMENT, CONSTRAINT, PRIMARY, UNIQUE, NOT, NULL, COMMENT, CHECK, REFERENCES, ,, )"; SQL statement:
CREATE TABLE IF NOT EXISTS log_long (id INT PRIMARY KEY, insert_date TIMESTAMP, value VARCHAR(20), parent_id INT FOREIGN KEY REFERENCES log(id)) [42001-200]
[15.07 17:44:23] - Closing JPA EntityManagerFactory for persistence unit 'default'
[15.07 17:44:23] - HikariPool-1 - Shutdown initiated...
[15.07 17:44:23] - HikariPool-1 - Shutdown completed.
[15.07 17:44:23] - 

Error starting ApplicationContext. To display the conditions report re-run your application with 'debug' enabled.
[15.07 17:44:23] - Application run failed
org.springframework.beans.factory.UnsatisfiedDependencyException: Error creating bean with name 'mainController' defined in file [C:\Users\HOME\Desktop\spring based projects\demo\target\classes\com\rabitabank\task\demo\controller\MainController.class]: Unsatisfied dependency expressed through constructor parameter 0; nested exception is org.springframework.beans.factory.BeanCreationException: Error creating bean with name 'mainService' defined in file [C:\Users\HOME\Desktop\spring based projects\demo\target\classes\com\rabitabank\task\demo\service\MainService.class]: Instantiation of bean failed; nested exception is org.springframework.beans.BeanInstantiationException: Failed to instantiate [com.rabitabank.task.demo.service.MainService]: Constructor threw exception; nested exception is org.h2.jdbc.JdbcSQLSyntaxErrorException: Syntax error in SQL statement "CREATE TABLE IF NOT EXISTS LOG_LONG (ID INT PRIMARY KEY, INSERT_DATE TIMESTAMP, VALUE VARCHAR(20), PARENT_ID INT FOREIGN[*] KEY REFERENCES LOG(ID))"; expected "(, FOR, UNSIGNED, INVISIBLE, VISIBLE, NOT, NULL, AS, DEFAULT, GENERATED, ON, NOT, NULL, AUTO_INCREMENT, BIGSERIAL, SERIAL, IDENTITY, NULL_TO_DEFAULT, SEQUENCE, SELECTIVITY, COMMENT, CONSTRAINT, PRIMARY, UNIQUE, NOT, NULL, COMMENT, CHECK, REFERENCES, ,, )"; SQL statement:
CREATE TABLE IF NOT EXISTS log_long (id INT PRIMARY KEY, insert_date TIMESTAMP, value VARCHAR(20), parent_id INT FOREIGN KEY REFERENCES log(id)) [42001-200]
	at org.springframework.beans.factory.support.ConstructorResolver.createArgumentArray(ConstructorResolver.java:800)
	at org.springframework.beans.factory.support.ConstructorResolver.autowireConstructor(ConstructorResolver.java:229)
	at org.springframework.beans.factory.support.AbstractAutowireCapableBeanFactory.autowireConstructor(AbstractAutowireCapableBeanFactory.java:1354)
	at org.springframework.beans.factory.support.AbstractAutowireCapableBeanFactory.createBeanInstance(AbstractAutowireCapableBeanFactory.java:1204)
	at org.springframework.beans.factory.support.AbstractAutowireCapableBeanFactory.doCreateBean(AbstractAutowireCapableBeanFactory.java:564)
	at org.springframework.beans.factory.support.AbstractAutowireCapableBeanFactory.createBean(AbstractAutowireCapableBeanFactory.java:524)
	at org.springframework.beans.factory.support.AbstractBeanFactory.lambda$doGetBean$0(AbstractBeanFactory.java:335)
	at org.springframework.beans.factory.support.DefaultSingletonBeanRegistry.getSingleton(DefaultSingletonBeanRegistry.java:234)
	at org.springframework.beans.factory.support.AbstractBeanFactory.doGetBean(AbstractBeanFactory.java:333)
	at org.springframework.beans.factory.support.AbstractBeanFactory.getBean(AbstractBeanFactory.java:208)
	at org.springframework.beans.factory.support.DefaultListableBeanFactory.preInstantiateSingletons(DefaultListableBeanFactory.java:944)
	at org.springframework.context.support.AbstractApplicationContext.finishBeanFactoryInitialization(AbstractApplicationContext.java:918)
	at org.springframework.context.support.AbstractApplicationContext.refresh(AbstractApplicationContext.java:583)
	at org.springframework.boot.web.servlet.context.ServletWebServerApplicationContext.refresh(ServletWebServerApplicationContext.java:145)
	at org.springframework.boot.SpringApplication.refresh(SpringApplication.java:754)
	at org.springframework.boot.SpringApplication.refreshContext(SpringApplication.java:434)
	at org.springframework.boot.SpringApplication.run(SpringApplication.java:338)
	at org.springframework.boot.SpringApplication.run(SpringApplication.java:1343)
	at org.springframework.boot.SpringApplication.run(SpringApplication.java:1332)
	at com.rabitabank.task.demo.DemoApplication.main(DemoApplication.java:12)
Caused by: org.springframework.beans.factory.BeanCreationException: Error creating bean with name 'mainService' defined in file [C:\Users\HOME\Desktop\spring based projects\demo\target\classes\com\rabitabank\task\demo\service\MainService.class]: Instantiation of bean failed; nested exception is org.springframework.beans.BeanInstantiationException: Failed to instantiate [com.rabitabank.task.demo.service.MainService]: Constructor threw exception; nested exception is org.h2.jdbc.JdbcSQLSyntaxErrorException: Syntax error in SQL statement "CREATE TABLE IF NOT EXISTS LOG_LONG (ID INT PRIMARY KEY, INSERT_DATE TIMESTAMP, VALUE VARCHAR(20), PARENT_ID INT FOREIGN[*] KEY REFERENCES LOG(ID))"; expected "(, FOR, UNSIGNED, INVISIBLE, VISIBLE, NOT, NULL, AS, DEFAULT, GENERATED, ON, NOT, NULL, AUTO_INCREMENT, BIGSERIAL, SERIAL, IDENTITY, NULL_TO_DEFAULT, SEQUENCE, SELECTIVITY, COMMENT, CONSTRAINT, PRIMARY, UNIQUE, NOT, NULL, COMMENT, CHECK, REFERENCES, ,, )"; SQL statement:
CREATE TABLE IF NOT EXISTS log_long (id INT PRIMARY KEY, insert_date TIMESTAMP, value VARCHAR(20), parent_id INT FOREIGN KEY REFERENCES log(id)) [42001-200]
	at org.springframework.beans.factory.support.AbstractAutowireCapableBeanFactory.instantiateBean(AbstractAutowireCapableBeanFactory.java:1316)
	at org.springframework.beans.factory.support.AbstractAutowireCapableBeanFactory.createBeanInstance(AbstractAutowireCapableBeanFactory.java:1214)
	at org.springframework.beans.factory.support.AbstractAutowireCapableBeanFactory.doCreateBean(AbstractAutowireCapableBeanFactory.java:564)
	at org.springframework.beans.factory.support.AbstractAutowireCapableBeanFactory.createBean(AbstractAutowireCapableBeanFactory.java:524)
	at org.springframework.beans.factory.support.AbstractBeanFactory.lambda$doGetBean$0(AbstractBeanFactory.java:335)
	at org.springframework.beans.factory.support.DefaultSingletonBeanRegistry.getSingleton(DefaultSingletonBeanRegistry.java:234)
	at org.springframework.beans.factory.support.AbstractBeanFactory.doGetBean(AbstractBeanFactory.java:333)
	at org.springframework.beans.factory.support.AbstractBeanFactory.getBean(AbstractBeanFactory.java:208)
	at org.springframework.beans.factory.config.DependencyDescriptor.resolveCandidate(DependencyDescriptor.java:276)
	at org.springframework.beans.factory.support.DefaultListableBeanFactory.doResolveDependency(DefaultListableBeanFactory.java:1380)
	at org.springframework.beans.factory.support.DefaultListableBeanFactory.resolveDependency(DefaultListableBeanFactory.java:1300)
	at org.springframework.beans.factory.support.ConstructorResolver.resolveAutowiredArgument(ConstructorResolver.java:887)
	at org.springframework.beans.factory.support.ConstructorResolver.createArgumentArray(ConstructorResolver.java:791)
	... 19 common frames omitted
Caused by: org.springframework.beans.BeanInstantiationException: Failed to instantiate [com.rabitabank.task.demo.service.MainService]: Constructor threw exception; nested exception is org.h2.jdbc.JdbcSQLSyntaxErrorException: Syntax error in SQL statement "CREATE TABLE IF NOT EXISTS LOG_LONG (ID INT PRIMARY KEY, INSERT_DATE TIMESTAMP, VALUE VARCHAR(20), PARENT_ID INT FOREIGN[*] KEY REFERENCES LOG(ID))"; expected "(, FOR, UNSIGNED, INVISIBLE, VISIBLE, NOT, NULL, AS, DEFAULT, GENERATED, ON, NOT, NULL, AUTO_INCREMENT, BIGSERIAL, SERIAL, IDENTITY, NULL_TO_DEFAULT, SEQUENCE, SELECTIVITY, COMMENT, CONSTRAINT, PRIMARY, UNIQUE, NOT, NULL, COMMENT, CHECK, REFERENCES, ,, )"; SQL statement:
CREATE TABLE IF NOT EXISTS log_long (id INT PRIMARY KEY, insert_date TIMESTAMP, value VARCHAR(20), parent_id INT FOREIGN KEY REFERENCES log(id)) [42001-200]
	at org.springframework.beans.BeanUtils.instantiateClass(BeanUtils.java:225)
	at org.springframework.beans.factory.support.SimpleInstantiationStrategy.instantiate(SimpleInstantiationStrategy.java:87)
	at org.springframework.beans.factory.support.AbstractAutowireCapableBeanFactory.instantiateBean(AbstractAutowireCapableBeanFactory.java:1308)
	... 31 common frames omitted
Caused by: org.h2.jdbc.JdbcSQLSyntaxErrorException: Syntax error in SQL statement "CREATE TABLE IF NOT EXISTS LOG_LONG (ID INT PRIMARY KEY, INSERT_DATE TIMESTAMP, VALUE VARCHAR(20), PARENT_ID INT FOREIGN[*] KEY REFERENCES LOG(ID))"; expected "(, FOR, UNSIGNED, INVISIBLE, VISIBLE, NOT, NULL, AS, DEFAULT, GENERATED, ON, NOT, NULL, AUTO_INCREMENT, BIGSERIAL, SERIAL, IDENTITY, NULL_TO_DEFAULT, SEQUENCE, SELECTIVITY, COMMENT, CONSTRAINT, PRIMARY, UNIQUE, NOT, NULL, COMMENT, CHECK, REFERENCES, ,, )"; SQL statement:
CREATE TABLE IF NOT EXISTS log_long (id INT PRIMARY KEY, insert_date TIMESTAMP, value VARCHAR(20), parent_id INT FOREIGN KEY REFERENCES log(id)) [42001-200]
	at org.h2.message.DbException.getJdbcSQLException(DbException.java:453)
	at org.h2.message.DbException.getJdbcSQLException(DbException.java:429)
	at org.h2.message.DbException.getSyntaxError(DbException.java:243)
	at org.h2.command.Parser.getSyntaxError(Parser.java:1053)
	at org.h2.command.Parser.read(Parser.java:4995)
	at org.h2.command.Parser.readIfMore(Parser.java:1462)
	at org.h2.command.Parser.parseCreateTable(Parser.java:8380)
	at org.h2.command.Parser.parseCreate(Parser.java:6276)
	at org.h2.command.Parser.parsePrepared(Parser.java:903)
	at org.h2.command.Parser.parse(Parser.java:843)
	at org.h2.command.Parser.parse(Parser.java:819)
	at org.h2.command.Parser.prepareCommand(Parser.java:738)
	at org.h2.engine.Session.prepareLocal(Session.java:657)
	at org.h2.engine.Session.prepareCommand(Session.java:595)
	at org.h2.jdbc.JdbcConnection.prepareCommand(JdbcConnection.java:1235)
	at org.h2.jdbc.JdbcPreparedStatement.<init>(JdbcPreparedStatement.java:76)
	at org.h2.jdbc.JdbcConnection.prepareStatement(JdbcConnection.java:352)
	at com.rabitabank.task.demo.dao.LoggingDao.init(LoggingDao.java:62)
	at com.rabitabank.task.demo.service.MainService.createBeans(MainService.java:37)
	at com.rabitabank.task.demo.service.MainService.<init>(MainService.java:26)
	at java.base/jdk.internal.reflect.NativeConstructorAccessorImpl.newInstance0(Native Method)
	at java.base/jdk.internal.reflect.NativeConstructorAccessorImpl.newInstance(NativeConstructorAccessorImpl.java:62)
	at java.base/jdk.internal.reflect.DelegatingConstructorAccessorImpl.newInstance(DelegatingConstructorAccessorImpl.java:45)
	at java.base/java.lang.reflect.Constructor.newInstance(Constructor.java:490)
	at org.springframework.beans.BeanUtils.instantiateClass(BeanUtils.java:212)
	... 33 common frames omitted
[15.07 17:47:56] - Starting DemoApplication using Java 11.0.11 on DESKTOP-PBQE3MK with PID 14108 (C:\Users\HOME\Desktop\spring based projects\demo\target\classes started by HOME in C:\Users\HOME\Desktop\spring based projects\demo)
[15.07 17:47:56] - No active profile set, falling back to default profiles: default
[15.07 17:47:57] - Bootstrapping Spring Data JPA repositories in DEFAULT mode.
[15.07 17:47:57] - Finished Spring Data repository scanning in 78 ms. Found 2 JPA repository interfaces.
[15.07 17:47:58] - Tomcat initialized with port(s): 8080 (http)
[15.07 17:47:58] - Root WebApplicationContext: initialization completed in 1640 ms
[15.07 17:47:58] - HHH000204: Processing PersistenceUnitInfo [name: default]
[15.07 17:47:58] - HHH000412: Hibernate ORM core version 5.4.32.Final
[15.07 17:47:58] - HCANN000001: Hibernate Commons Annotations {5.1.2.Final}
[15.07 17:47:58] - HikariPool-1 - Starting...
[15.07 17:47:58] - Registered driver with driverClassName=com.mysql.jdbc.Driver was not found, trying direct instantiation.
[15.07 17:47:59] - HikariPool-1 - Start completed.
[15.07 17:47:59] - HHH000400: Using dialect: org.hibernate.dialect.MySQL8Dialect
[15.07 17:48:01] - HHH000490: Using JtaPlatform implementation: [org.hibernate.engine.transaction.jta.platform.internal.NoJtaPlatform]
[15.07 17:48:01] - Initialized JPA EntityManagerFactory for persistence unit 'default'
[15.07 17:48:01] - spring.jpa.open-in-view is enabled by default. Therefore, database queries may be performed during view rendering. Explicitly configure spring.jpa.open-in-view to disable this warning
[15.07 17:48:02] - Tomcat started on port(s): 8080 (http) with context path ''
[15.07 17:48:02] - Started DemoApplication in 6.071 seconds (JVM running for 7.325)
[15.07 17:48:08] - Initializing Servlet 'dispatcherServlet'
[15.07 17:48:08] - Completed initialization in 4 ms
[15.07 17:48:09] - Call add service
[15.07 17:48:09] - Response add service
[15.07 17:48:09] - Result : 32
[15.07 17:50:05] - Starting DemoApplication using Java 11.0.11 on DESKTOP-PBQE3MK with PID 9920 (C:\Users\HOME\Desktop\spring based projects\demo\target\classes started by HOME in C:\Users\HOME\Desktop\spring based projects\demo)
[15.07 17:50:05] - No active profile set, falling back to default profiles: default
[15.07 17:50:06] - Bootstrapping Spring Data JPA repositories in DEFAULT mode.
[15.07 17:50:06] - Finished Spring Data repository scanning in 102 ms. Found 2 JPA repository interfaces.
[15.07 17:50:07] - Tomcat initialized with port(s): 8080 (http)
[15.07 17:50:07] - Root WebApplicationContext: initialization completed in 1878 ms
[15.07 17:50:08] - HHH000204: Processing PersistenceUnitInfo [name: default]
[15.07 17:50:08] - HHH000412: Hibernate ORM core version 5.4.32.Final
[15.07 17:50:08] - HCANN000001: Hibernate Commons Annotations {5.1.2.Final}
[15.07 17:50:08] - HikariPool-1 - Starting...
[15.07 17:50:08] - Registered driver with driverClassName=com.mysql.jdbc.Driver was not found, trying direct instantiation.
[15.07 17:50:08] - HikariPool-1 - Start completed.
[15.07 17:50:08] - HHH000400: Using dialect: org.hibernate.dialect.MySQL8Dialect
[15.07 17:50:11] - HHH000490: Using JtaPlatform implementation: [org.hibernate.engine.transaction.jta.platform.internal.NoJtaPlatform]
[15.07 17:50:11] - Initialized JPA EntityManagerFactory for persistence unit 'default'
[15.07 17:50:11] - spring.jpa.open-in-view is enabled by default. Therefore, database queries may be performed during view rendering. Explicitly configure spring.jpa.open-in-view to disable this warning
[15.07 17:50:12] - Tomcat started on port(s): 8080 (http) with context path ''
[15.07 17:50:12] - Started DemoApplication in 7.34 seconds (JVM running for 8.449)
[15.07 17:50:16] - Initializing Servlet 'dispatcherServlet'
[15.07 17:50:16] - Completed initialization in 2 ms
[15.07 17:50:16] - Call add service with : 5 and 10
[15.07 17:50:16] - Response add service : 15
[15.07 17:55:13] - Starting DemoApplication using Java 11.0.11 on DESKTOP-PBQE3MK with PID 9376 (C:\Users\HOME\Desktop\spring based projects\demo\target\classes started by HOME in C:\Users\HOME\Desktop\spring based projects\demo)
[15.07 17:55:13] - No active profile set, falling back to default profiles: default
[15.07 17:55:14] - Bootstrapping Spring Data JPA repositories in DEFAULT mode.
[15.07 17:55:14] - Finished Spring Data repository scanning in 67 ms. Found 2 JPA repository interfaces.
[15.07 17:55:15] - Tomcat initialized with port(s): 8080 (http)
[15.07 17:55:15] - Root WebApplicationContext: initialization completed in 1595 ms
[15.07 17:55:15] - HHH000204: Processing PersistenceUnitInfo [name: default]
[15.07 17:55:15] - HHH000412: Hibernate ORM core version 5.4.32.Final
[15.07 17:55:15] - HCANN000001: Hibernate Commons Annotations {5.1.2.Final}
[15.07 17:55:15] - HikariPool-1 - Starting...
[15.07 17:55:15] - Registered driver with driverClassName=com.mysql.jdbc.Driver was not found, trying direct instantiation.
[15.07 17:55:16] - HikariPool-1 - Start completed.
[15.07 17:55:16] - HHH000400: Using dialect: org.hibernate.dialect.MySQL8Dialect
[15.07 17:55:18] - HHH000490: Using JtaPlatform implementation: [org.hibernate.engine.transaction.jta.platform.internal.NoJtaPlatform]
[15.07 17:55:18] - Initialized JPA EntityManagerFactory for persistence unit 'default'
[15.07 17:55:19] - spring.jpa.open-in-view is enabled by default. Therefore, database queries may be performed during view rendering. Explicitly configure spring.jpa.open-in-view to disable this warning
[15.07 17:55:19] - Tomcat started on port(s): 8080 (http) with context path ''
[15.07 17:55:19] - Started DemoApplication in 6.332 seconds (JVM running for 7.507)
[15.07 17:55:24] - Initializing Servlet 'dispatcherServlet'
[15.07 17:55:24] - Completed initialization in 4 ms
[15.07 17:55:24] - Call add service with : 5 and 10
[15.07 17:55:24] - Response add service : 15
[15.07 17:55:53] - Starting DemoApplication using Java 11.0.11 on DESKTOP-PBQE3MK with PID 10500 (C:\Users\HOME\Desktop\spring based projects\demo\target\classes started by HOME in C:\Users\HOME\Desktop\spring based projects\demo)
[15.07 17:55:53] - No active profile set, falling back to default profiles: default
[15.07 17:55:53] - Bootstrapping Spring Data JPA repositories in DEFAULT mode.
[15.07 17:55:53] - Finished Spring Data repository scanning in 94 ms. Found 2 JPA repository interfaces.
[15.07 17:55:54] - Tomcat initialized with port(s): 8080 (http)
[15.07 17:55:54] - Root WebApplicationContext: initialization completed in 1595 ms
[15.07 17:55:54] - HHH000204: Processing PersistenceUnitInfo [name: default]
[15.07 17:55:55] - HHH000412: Hibernate ORM core version 5.4.32.Final
[15.07 17:55:55] - HCANN000001: Hibernate Commons Annotations {5.1.2.Final}
[15.07 17:55:55] - HikariPool-1 - Starting...
[15.07 17:55:55] - Registered driver with driverClassName=com.mysql.jdbc.Driver was not found, trying direct instantiation.
[15.07 17:55:55] - HikariPool-1 - Start completed.
[15.07 17:55:55] - HHH000400: Using dialect: org.hibernate.dialect.MySQL8Dialect
[15.07 17:55:57] - HHH000490: Using JtaPlatform implementation: [org.hibernate.engine.transaction.jta.platform.internal.NoJtaPlatform]
[15.07 17:55:57] - Initialized JPA EntityManagerFactory for persistence unit 'default'
[15.07 17:55:57] - Exception encountered during context initialization - cancelling refresh attempt: org.springframework.beans.factory.UnsatisfiedDependencyException: Error creating bean with name 'mainController' defined in file [C:\Users\HOME\Desktop\spring based projects\demo\target\classes\com\rabitabank\task\demo\controller\MainController.class]: Unsatisfied dependency expressed through constructor parameter 0; nested exception is org.springframework.beans.factory.BeanCreationException: Error creating bean with name 'mainService' defined in file [C:\Users\HOME\Desktop\spring based projects\demo\target\classes\com\rabitabank\task\demo\service\MainService.class]: Instantiation of bean failed; nested exception is org.springframework.beans.BeanInstantiationException: Failed to instantiate [com.rabitabank.task.demo.service.MainService]: Constructor threw exception; nested exception is org.h2.jdbc.JdbcSQLSyntaxErrorException: Syntax error in SQL statement "CREATE TABLE IF NOT EXISTS LOG_LONG (ID INT PRIMARY KEY, INSERT_DATE TIMESTAMP, VALUE VARCHAR(20), PARENT_ID INT FOREIGN[*] KEY REFERENCES LOG(ID))"; expected "(, FOR, UNSIGNED, INVISIBLE, VISIBLE, NOT, NULL, AS, DEFAULT, GENERATED, ON, NOT, NULL, AUTO_INCREMENT, BIGSERIAL, SERIAL, IDENTITY, NULL_TO_DEFAULT, SEQUENCE, SELECTIVITY, COMMENT, CONSTRAINT, PRIMARY, UNIQUE, NOT, NULL, COMMENT, CHECK, REFERENCES, ,, )"; SQL statement:
CREATE TABLE IF NOT EXISTS log_long (id INT PRIMARY KEY, insert_date TIMESTAMP, value VARCHAR(20), parent_id INT FOREIGN KEY REFERENCES log(id)) [42001-200]
[15.07 17:55:57] - Closing JPA EntityManagerFactory for persistence unit 'default'
[15.07 17:55:57] - HikariPool-1 - Shutdown initiated...
[15.07 17:55:57] - HikariPool-1 - Shutdown completed.
[15.07 17:55:57] - 

Error starting ApplicationContext. To display the conditions report re-run your application with 'debug' enabled.
[15.07 17:55:57] - Application run failed
org.springframework.beans.factory.UnsatisfiedDependencyException: Error creating bean with name 'mainController' defined in file [C:\Users\HOME\Desktop\spring based projects\demo\target\classes\com\rabitabank\task\demo\controller\MainController.class]: Unsatisfied dependency expressed through constructor parameter 0; nested exception is org.springframework.beans.factory.BeanCreationException: Error creating bean with name 'mainService' defined in file [C:\Users\HOME\Desktop\spring based projects\demo\target\classes\com\rabitabank\task\demo\service\MainService.class]: Instantiation of bean failed; nested exception is org.springframework.beans.BeanInstantiationException: Failed to instantiate [com.rabitabank.task.demo.service.MainService]: Constructor threw exception; nested exception is org.h2.jdbc.JdbcSQLSyntaxErrorException: Syntax error in SQL statement "CREATE TABLE IF NOT EXISTS LOG_LONG (ID INT PRIMARY KEY, INSERT_DATE TIMESTAMP, VALUE VARCHAR(20), PARENT_ID INT FOREIGN[*] KEY REFERENCES LOG(ID))"; expected "(, FOR, UNSIGNED, INVISIBLE, VISIBLE, NOT, NULL, AS, DEFAULT, GENERATED, ON, NOT, NULL, AUTO_INCREMENT, BIGSERIAL, SERIAL, IDENTITY, NULL_TO_DEFAULT, SEQUENCE, SELECTIVITY, COMMENT, CONSTRAINT, PRIMARY, UNIQUE, NOT, NULL, COMMENT, CHECK, REFERENCES, ,, )"; SQL statement:
CREATE TABLE IF NOT EXISTS log_long (id INT PRIMARY KEY, insert_date TIMESTAMP, value VARCHAR(20), parent_id INT FOREIGN KEY REFERENCES log(id)) [42001-200]
	at org.springframework.beans.factory.support.ConstructorResolver.createArgumentArray(ConstructorResolver.java:800)
	at org.springframework.beans.factory.support.ConstructorResolver.autowireConstructor(ConstructorResolver.java:229)
	at org.springframework.beans.factory.support.AbstractAutowireCapableBeanFactory.autowireConstructor(AbstractAutowireCapableBeanFactory.java:1354)
	at org.springframework.beans.factory.support.AbstractAutowireCapableBeanFactory.createBeanInstance(AbstractAutowireCapableBeanFactory.java:1204)
	at org.springframework.beans.factory.support.AbstractAutowireCapableBeanFactory.doCreateBean(AbstractAutowireCapableBeanFactory.java:564)
	at org.springframework.beans.factory.support.AbstractAutowireCapableBeanFactory.createBean(AbstractAutowireCapableBeanFactory.java:524)
	at org.springframework.beans.factory.support.AbstractBeanFactory.lambda$doGetBean$0(AbstractBeanFactory.java:335)
	at org.springframework.beans.factory.support.DefaultSingletonBeanRegistry.getSingleton(DefaultSingletonBeanRegistry.java:234)
	at org.springframework.beans.factory.support.AbstractBeanFactory.doGetBean(AbstractBeanFactory.java:333)
	at org.springframework.beans.factory.support.AbstractBeanFactory.getBean(AbstractBeanFactory.java:208)
	at org.springframework.beans.factory.support.DefaultListableBeanFactory.preInstantiateSingletons(DefaultListableBeanFactory.java:944)
	at org.springframework.context.support.AbstractApplicationContext.finishBeanFactoryInitialization(AbstractApplicationContext.java:918)
	at org.springframework.context.support.AbstractApplicationContext.refresh(AbstractApplicationContext.java:583)
	at org.springframework.boot.web.servlet.context.ServletWebServerApplicationContext.refresh(ServletWebServerApplicationContext.java:145)
	at org.springframework.boot.SpringApplication.refresh(SpringApplication.java:754)
	at org.springframework.boot.SpringApplication.refreshContext(SpringApplication.java:434)
	at org.springframework.boot.SpringApplication.run(SpringApplication.java:338)
	at org.springframework.boot.SpringApplication.run(SpringApplication.java:1343)
	at org.springframework.boot.SpringApplication.run(SpringApplication.java:1332)
	at com.rabitabank.task.demo.DemoApplication.main(DemoApplication.java:12)
Caused by: org.springframework.beans.factory.BeanCreationException: Error creating bean with name 'mainService' defined in file [C:\Users\HOME\Desktop\spring based projects\demo\target\classes\com\rabitabank\task\demo\service\MainService.class]: Instantiation of bean failed; nested exception is org.springframework.beans.BeanInstantiationException: Failed to instantiate [com.rabitabank.task.demo.service.MainService]: Constructor threw exception; nested exception is org.h2.jdbc.JdbcSQLSyntaxErrorException: Syntax error in SQL statement "CREATE TABLE IF NOT EXISTS LOG_LONG (ID INT PRIMARY KEY, INSERT_DATE TIMESTAMP, VALUE VARCHAR(20), PARENT_ID INT FOREIGN[*] KEY REFERENCES LOG(ID))"; expected "(, FOR, UNSIGNED, INVISIBLE, VISIBLE, NOT, NULL, AS, DEFAULT, GENERATED, ON, NOT, NULL, AUTO_INCREMENT, BIGSERIAL, SERIAL, IDENTITY, NULL_TO_DEFAULT, SEQUENCE, SELECTIVITY, COMMENT, CONSTRAINT, PRIMARY, UNIQUE, NOT, NULL, COMMENT, CHECK, REFERENCES, ,, )"; SQL statement:
CREATE TABLE IF NOT EXISTS log_long (id INT PRIMARY KEY, insert_date TIMESTAMP, value VARCHAR(20), parent_id INT FOREIGN KEY REFERENCES log(id)) [42001-200]
	at org.springframework.beans.factory.support.AbstractAutowireCapableBeanFactory.instantiateBean(AbstractAutowireCapableBeanFactory.java:1316)
	at org.springframework.beans.factory.support.AbstractAutowireCapableBeanFactory.createBeanInstance(AbstractAutowireCapableBeanFactory.java:1214)
	at org.springframework.beans.factory.support.AbstractAutowireCapableBeanFactory.doCreateBean(AbstractAutowireCapableBeanFactory.java:564)
	at org.springframework.beans.factory.support.AbstractAutowireCapableBeanFactory.createBean(AbstractAutowireCapableBeanFactory.java:524)
	at org.springframework.beans.factory.support.AbstractBeanFactory.lambda$doGetBean$0(AbstractBeanFactory.java:335)
	at org.springframework.beans.factory.support.DefaultSingletonBeanRegistry.getSingleton(DefaultSingletonBeanRegistry.java:234)
	at org.springframework.beans.factory.support.AbstractBeanFactory.doGetBean(AbstractBeanFactory.java:333)
	at org.springframework.beans.factory.support.AbstractBeanFactory.getBean(AbstractBeanFactory.java:208)
	at org.springframework.beans.factory.config.DependencyDescriptor.resolveCandidate(DependencyDescriptor.java:276)
	at org.springframework.beans.factory.support.DefaultListableBeanFactory.doResolveDependency(DefaultListableBeanFactory.java:1380)
	at org.springframework.beans.factory.support.DefaultListableBeanFactory.resolveDependency(DefaultListableBeanFactory.java:1300)
	at org.springframework.beans.factory.support.ConstructorResolver.resolveAutowiredArgument(ConstructorResolver.java:887)
	at org.springframework.beans.factory.support.ConstructorResolver.createArgumentArray(ConstructorResolver.java:791)
	... 19 common frames omitted
Caused by: org.springframework.beans.BeanInstantiationException: Failed to instantiate [com.rabitabank.task.demo.service.MainService]: Constructor threw exception; nested exception is org.h2.jdbc.JdbcSQLSyntaxErrorException: Syntax error in SQL statement "CREATE TABLE IF NOT EXISTS LOG_LONG (ID INT PRIMARY KEY, INSERT_DATE TIMESTAMP, VALUE VARCHAR(20), PARENT_ID INT FOREIGN[*] KEY REFERENCES LOG(ID))"; expected "(, FOR, UNSIGNED, INVISIBLE, VISIBLE, NOT, NULL, AS, DEFAULT, GENERATED, ON, NOT, NULL, AUTO_INCREMENT, BIGSERIAL, SERIAL, IDENTITY, NULL_TO_DEFAULT, SEQUENCE, SELECTIVITY, COMMENT, CONSTRAINT, PRIMARY, UNIQUE, NOT, NULL, COMMENT, CHECK, REFERENCES, ,, )"; SQL statement:
CREATE TABLE IF NOT EXISTS log_long (id INT PRIMARY KEY, insert_date TIMESTAMP, value VARCHAR(20), parent_id INT FOREIGN KEY REFERENCES log(id)) [42001-200]
	at org.springframework.beans.BeanUtils.instantiateClass(BeanUtils.java:225)
	at org.springframework.beans.factory.support.SimpleInstantiationStrategy.instantiate(SimpleInstantiationStrategy.java:87)
	at org.springframework.beans.factory.support.AbstractAutowireCapableBeanFactory.instantiateBean(AbstractAutowireCapableBeanFactory.java:1308)
	... 31 common frames omitted
Caused by: org.h2.jdbc.JdbcSQLSyntaxErrorException: Syntax error in SQL statement "CREATE TABLE IF NOT EXISTS LOG_LONG (ID INT PRIMARY KEY, INSERT_DATE TIMESTAMP, VALUE VARCHAR(20), PARENT_ID INT FOREIGN[*] KEY REFERENCES LOG(ID))"; expected "(, FOR, UNSIGNED, INVISIBLE, VISIBLE, NOT, NULL, AS, DEFAULT, GENERATED, ON, NOT, NULL, AUTO_INCREMENT, BIGSERIAL, SERIAL, IDENTITY, NULL_TO_DEFAULT, SEQUENCE, SELECTIVITY, COMMENT, CONSTRAINT, PRIMARY, UNIQUE, NOT, NULL, COMMENT, CHECK, REFERENCES, ,, )"; SQL statement:
CREATE TABLE IF NOT EXISTS log_long (id INT PRIMARY KEY, insert_date TIMESTAMP, value VARCHAR(20), parent_id INT FOREIGN KEY REFERENCES log(id)) [42001-200]
	at org.h2.message.DbException.getJdbcSQLException(DbException.java:453)
	at org.h2.message.DbException.getJdbcSQLException(DbException.java:429)
	at org.h2.message.DbException.getSyntaxError(DbException.java:243)
	at org.h2.command.Parser.getSyntaxError(Parser.java:1053)
	at org.h2.command.Parser.read(Parser.java:4995)
	at org.h2.command.Parser.readIfMore(Parser.java:1462)
	at org.h2.command.Parser.parseCreateTable(Parser.java:8380)
	at org.h2.command.Parser.parseCreate(Parser.java:6276)
	at org.h2.command.Parser.parsePrepared(Parser.java:903)
	at org.h2.command.Parser.parse(Parser.java:843)
	at org.h2.command.Parser.parse(Parser.java:819)
	at org.h2.command.Parser.prepareCommand(Parser.java:738)
	at org.h2.engine.Session.prepareLocal(Session.java:657)
	at org.h2.engine.Session.prepareCommand(Session.java:595)
	at org.h2.jdbc.JdbcConnection.prepareCommand(JdbcConnection.java:1235)
	at org.h2.jdbc.JdbcPreparedStatement.<init>(JdbcPreparedStatement.java:76)
	at org.h2.jdbc.JdbcConnection.prepareStatement(JdbcConnection.java:352)
	at com.rabitabank.task.demo.dao.LoggingDao.init(LoggingDao.java:64)
	at com.rabitabank.task.demo.service.MainService.createBeans(MainService.java:37)
	at com.rabitabank.task.demo.service.MainService.<init>(MainService.java:26)
	at java.base/jdk.internal.reflect.NativeConstructorAccessorImpl.newInstance0(Native Method)
	at java.base/jdk.internal.reflect.NativeConstructorAccessorImpl.newInstance(NativeConstructorAccessorImpl.java:62)
	at java.base/jdk.internal.reflect.DelegatingConstructorAccessorImpl.newInstance(DelegatingConstructorAccessorImpl.java:45)
	at java.base/java.lang.reflect.Constructor.newInstance(Constructor.java:490)
	at org.springframework.beans.BeanUtils.instantiateClass(BeanUtils.java:212)
	... 33 common frames omitted
[15.07 21:45:23] - Starting DemoApplication using Java 11.0.11 on DESKTOP-PBQE3MK with PID 12112 (C:\Users\HOME\Desktop\spring based projects\demo\target\classes started by HOME in C:\Users\HOME\Desktop\spring based projects\demo)
[15.07 21:45:23] - No active profile set, falling back to default profiles: default
[15.07 21:45:24] - Bootstrapping Spring Data JPA repositories in DEFAULT mode.
[15.07 21:45:25] - Finished Spring Data repository scanning in 94 ms. Found 2 JPA repository interfaces.
[15.07 21:45:25] - Tomcat initialized with port(s): 8080 (http)
[15.07 21:45:26] - Root WebApplicationContext: initialization completed in 2359 ms
[15.07 21:45:26] - HHH000204: Processing PersistenceUnitInfo [name: default]
[15.07 21:45:26] - HHH000412: Hibernate ORM core version 5.4.32.Final
[15.07 21:45:26] - HCANN000001: Hibernate Commons Annotations {5.1.2.Final}
[15.07 21:45:26] - HikariPool-1 - Starting...
[15.07 21:45:26] - Registered driver with driverClassName=com.mysql.jdbc.Driver was not found, trying direct instantiation.
[15.07 21:45:27] - HikariPool-1 - Start completed.
[15.07 21:45:27] - HHH000400: Using dialect: org.hibernate.dialect.MySQL8Dialect
[15.07 21:45:29] - HHH000490: Using JtaPlatform implementation: [org.hibernate.engine.transaction.jta.platform.internal.NoJtaPlatform]
[15.07 21:45:29] - Initialized JPA EntityManagerFactory for persistence unit 'default'
[15.07 21:45:29] - spring.jpa.open-in-view is enabled by default. Therefore, database queries may be performed during view rendering. Explicitly configure spring.jpa.open-in-view to disable this warning
[15.07 21:45:30] - Tomcat started on port(s): 8080 (http) with context path ''
[15.07 21:45:30] - Started DemoApplication in 7.411 seconds (JVM running for 8.89)
[15.07 21:45:34] - Initializing Servlet 'dispatcherServlet'
[15.07 21:45:34] - Completed initialization in 2 ms
[15.07 21:45:34] - Call add service with : 5 and 10
[15.07 21:45:34] - Response add service : 15
[15.07 21:58:32] - Starting DemoApplication using Java 11.0.11 on DESKTOP-PBQE3MK with PID 6824 (C:\Users\HOME\Desktop\spring based projects\demo\target\classes started by HOME in C:\Users\HOME\Desktop\spring based projects\demo)
[15.07 21:58:32] - No active profile set, falling back to default profiles: default
[15.07 21:58:33] - Bootstrapping Spring Data JPA repositories in DEFAULT mode.
[15.07 21:58:33] - Finished Spring Data repository scanning in 65 ms. Found 2 JPA repository interfaces.
[15.07 21:58:34] - Tomcat initialized with port(s): 8080 (http)
[15.07 21:58:34] - Root WebApplicationContext: initialization completed in 2186 ms
[15.07 21:58:34] - HHH000204: Processing PersistenceUnitInfo [name: default]
[15.07 21:58:34] - HHH000412: Hibernate ORM core version 5.4.32.Final
[15.07 21:58:34] - HCANN000001: Hibernate Commons Annotations {5.1.2.Final}
[15.07 21:58:34] - HikariPool-1 - Starting...
[15.07 21:58:34] - Registered driver with driverClassName=com.mysql.jdbc.Driver was not found, trying direct instantiation.
[15.07 21:58:35] - HikariPool-1 - Start completed.
[15.07 21:58:35] - HHH000400: Using dialect: org.hibernate.dialect.MySQL8Dialect
[15.07 21:58:37] - HHH000490: Using JtaPlatform implementation: [org.hibernate.engine.transaction.jta.platform.internal.NoJtaPlatform]
[15.07 21:58:37] - Initialized JPA EntityManagerFactory for persistence unit 'default'
[15.07 21:58:37] - spring.jpa.open-in-view is enabled by default. Therefore, database queries may be performed during view rendering. Explicitly configure spring.jpa.open-in-view to disable this warning
[15.07 21:58:38] - Tomcat started on port(s): 8080 (http) with context path ''
[15.07 21:58:38] - Started DemoApplication in 6.602 seconds (JVM running for 8.438)
[15.07 21:58:47] - Initializing Servlet 'dispatcherServlet'
[15.07 21:58:47] - Completed initialization in 3 ms
[15.07 21:58:48] - Call add service with : 15 and 10
[15.07 21:58:48] - Response add service : 25
[15.07 22:46:11] - Starting DemoApplication using Java 11.0.11 on DESKTOP-PBQE3MK with PID 12040 (C:\Users\HOME\Desktop\spring based projects\demo\target\classes started by HOME in C:\Users\HOME\Desktop\spring based projects\demo)
[15.07 22:46:11] - No active profile set, falling back to default profiles: default
[15.07 22:46:13] - Bootstrapping Spring Data JPA repositories in DEFAULT mode.
[15.07 22:46:13] - Finished Spring Data repository scanning in 110 ms. Found 2 JPA repository interfaces.
[15.07 22:46:13] - Tomcat initialized with port(s): 8080 (http)
[15.07 22:46:14] - Root WebApplicationContext: initialization completed in 2159 ms
[15.07 22:46:14] - HHH000204: Processing PersistenceUnitInfo [name: default]
[15.07 22:46:14] - HHH000412: Hibernate ORM core version 5.4.32.Final
[15.07 22:46:14] - HCANN000001: Hibernate Commons Annotations {5.1.2.Final}
[15.07 22:46:14] - HikariPool-1 - Starting...
[15.07 22:46:14] - Registered driver with driverClassName=com.mysql.jdbc.Driver was not found, trying direct instantiation.
[15.07 22:46:15] - HikariPool-1 - Start completed.
[15.07 22:46:15] - HHH000400: Using dialect: org.hibernate.dialect.MySQL8Dialect
[15.07 22:46:18] - HHH000490: Using JtaPlatform implementation: [org.hibernate.engine.transaction.jta.platform.internal.NoJtaPlatform]
[15.07 22:46:18] - Initialized JPA EntityManagerFactory for persistence unit 'default'
[15.07 22:46:18] - spring.jpa.open-in-view is enabled by default. Therefore, database queries may be performed during view rendering. Explicitly configure spring.jpa.open-in-view to disable this warning
[15.07 22:46:19] - Tomcat started on port(s): 8080 (http) with context path ''
[15.07 22:46:19] - Started DemoApplication in 8.684 seconds (JVM running for 12.045)
[15.07 22:46:37] - Initializing Servlet 'dispatcherServlet'
[15.07 22:46:37] - Completed initialization in 0 ms
[15.07 22:46:38] - Call add service with : 15 and 10
[15.07 22:46:38] - Response add service : 25
[15.07 22:47:23] - Call subtract service with : 15 and 10
[15.07 22:49:10] - Call multiply service with : 15 and 10
[15.07 22:49:32] - Starting DemoApplication using Java 11.0.11 on DESKTOP-PBQE3MK with PID 19748 (C:\Users\HOME\Desktop\spring based projects\demo\target\classes started by HOME in C:\Users\HOME\Desktop\spring based projects\demo)
[15.07 22:49:32] - No active profile set, falling back to default profiles: default
[15.07 22:49:33] - Bootstrapping Spring Data JPA repositories in DEFAULT mode.
[15.07 22:49:33] - Finished Spring Data repository scanning in 83 ms. Found 2 JPA repository interfaces.
[15.07 22:49:33] - Tomcat initialized with port(s): 8080 (http)
[15.07 22:49:33] - Root WebApplicationContext: initialization completed in 1600 ms
[15.07 22:49:34] - HHH000204: Processing PersistenceUnitInfo [name: default]
[15.07 22:49:34] - HHH000412: Hibernate ORM core version 5.4.32.Final
[15.07 22:49:34] - HCANN000001: Hibernate Commons Annotations {5.1.2.Final}
[15.07 22:49:34] - HikariPool-1 - Starting...
[15.07 22:49:34] - Registered driver with driverClassName=com.mysql.jdbc.Driver was not found, trying direct instantiation.
[15.07 22:49:34] - HikariPool-1 - Start completed.
[15.07 22:49:34] - HHH000400: Using dialect: org.hibernate.dialect.MySQL8Dialect
[15.07 22:49:36] - HHH000490: Using JtaPlatform implementation: [org.hibernate.engine.transaction.jta.platform.internal.NoJtaPlatform]
[15.07 22:49:36] - Initialized JPA EntityManagerFactory for persistence unit 'default'
[15.07 22:49:36] - spring.jpa.open-in-view is enabled by default. Therefore, database queries may be performed during view rendering. Explicitly configure spring.jpa.open-in-view to disable this warning
[15.07 22:49:37] - Tomcat started on port(s): 8080 (http) with context path ''
[15.07 22:49:37] - Started DemoApplication in 5.789 seconds (JVM running for 7.353)
[15.07 22:49:40] - Initializing Servlet 'dispatcherServlet'
[15.07 22:49:40] - Completed initialization in 3 ms
[15.07 22:49:40] - Call multiply service with : 15 and 10
[15.07 22:49:40] - Response multiply service : 150
[15.07 22:49:50] - Call add service with : 15 and 10
[15.07 22:50:49] - Starting DemoApplication using Java 11.0.11 on DESKTOP-PBQE3MK with PID 14144 (C:\Users\HOME\Desktop\spring based projects\demo\target\classes started by HOME in C:\Users\HOME\Desktop\spring based projects\demo)
[15.07 22:50:49] - No active profile set, falling back to default profiles: default
[15.07 22:50:50] - Bootstrapping Spring Data JPA repositories in DEFAULT mode.
[15.07 22:50:50] - Finished Spring Data repository scanning in 91 ms. Found 2 JPA repository interfaces.
[15.07 22:50:51] - Tomcat initialized with port(s): 8080 (http)
[15.07 22:50:51] - Root WebApplicationContext: initialization completed in 1897 ms
[15.07 22:50:52] - HHH000204: Processing PersistenceUnitInfo [name: default]
[15.07 22:50:52] - HHH000412: Hibernate ORM core version 5.4.32.Final
[15.07 22:50:52] - HCANN000001: Hibernate Commons Annotations {5.1.2.Final}
[15.07 22:50:52] - HikariPool-1 - Starting...
[15.07 22:50:52] - Registered driver with driverClassName=com.mysql.jdbc.Driver was not found, trying direct instantiation.
[15.07 22:50:52] - HikariPool-1 - Start completed.
[15.07 22:50:52] - HHH000400: Using dialect: org.hibernate.dialect.MySQL8Dialect
[15.07 22:50:54] - HHH000490: Using JtaPlatform implementation: [org.hibernate.engine.transaction.jta.platform.internal.NoJtaPlatform]
[15.07 22:50:54] - Initialized JPA EntityManagerFactory for persistence unit 'default'
[15.07 22:50:54] - spring.jpa.open-in-view is enabled by default. Therefore, database queries may be performed during view rendering. Explicitly configure spring.jpa.open-in-view to disable this warning
[15.07 22:50:55] - Tomcat started on port(s): 8080 (http) with context path ''
[15.07 22:50:55] - Started DemoApplication in 5.992 seconds (JVM running for 7.22)
[15.07 22:51:00] - Initializing Servlet 'dispatcherServlet'
[15.07 22:51:00] - Completed initialization in 1 ms
[15.07 22:51:00] - Call add service with : 15 and 10
[15.07 22:51:00] - Response add service : 25
[15.07 22:51:11] - Call multiply service with : 15 and 10
[15.07 22:52:29] - Starting DemoApplication using Java 11.0.11 on DESKTOP-PBQE3MK with PID 14764 (C:\Users\HOME\Desktop\spring based projects\demo\target\classes started by HOME in C:\Users\HOME\Desktop\spring based projects\demo)
[15.07 22:52:29] - No active profile set, falling back to default profiles: default
[15.07 22:52:30] - Bootstrapping Spring Data JPA repositories in DEFAULT mode.
[15.07 22:52:30] - Finished Spring Data repository scanning in 53 ms. Found 2 JPA repository interfaces.
[15.07 22:52:31] - Tomcat initialized with port(s): 8080 (http)
[15.07 22:52:31] - Root WebApplicationContext: initialization completed in 1645 ms
[15.07 22:52:31] - HHH000204: Processing PersistenceUnitInfo [name: default]
[15.07 22:52:31] - HHH000412: Hibernate ORM core version 5.4.32.Final
[15.07 22:52:31] - HCANN000001: Hibernate Commons Annotations {5.1.2.Final}
[15.07 22:52:31] - HikariPool-1 - Starting...
[15.07 22:52:31] - Registered driver with driverClassName=com.mysql.jdbc.Driver was not found, trying direct instantiation.
[15.07 22:52:32] - HikariPool-1 - Start completed.
[15.07 22:52:32] - HHH000400: Using dialect: org.hibernate.dialect.MySQL8Dialect
[15.07 22:52:33] - HHH000490: Using JtaPlatform implementation: [org.hibernate.engine.transaction.jta.platform.internal.NoJtaPlatform]
[15.07 22:52:33] - Initialized JPA EntityManagerFactory for persistence unit 'default'
[15.07 22:52:33] - spring.jpa.open-in-view is enabled by default. Therefore, database queries may be performed during view rendering. Explicitly configure spring.jpa.open-in-view to disable this warning
[15.07 22:52:34] - Tomcat started on port(s): 8080 (http) with context path ''
[15.07 22:52:34] - Started DemoApplication in 5.409 seconds (JVM running for 6.463)
[15.07 22:53:01] - Initializing Servlet 'dispatcherServlet'
[15.07 22:53:01] - Completed initialization in 2 ms
[15.07 22:53:01] - Call multiply service with : 15 and 10
[15.07 22:53:01] - Response multiply service : 150
[15.07 22:53:08] - Call add service with : 15 and 10
[15.07 22:53:08] - Response add service : 25
[15.07 22:59:00] - Starting DemoApplication using Java 11.0.11 on DESKTOP-PBQE3MK with PID 16200 (C:\Users\HOME\Desktop\spring based projects\demo\target\classes started by HOME in C:\Users\HOME\Desktop\spring based projects\demo)
[15.07 22:59:00] - No active profile set, falling back to default profiles: default
[15.07 22:59:01] - Bootstrapping Spring Data JPA repositories in DEFAULT mode.
[15.07 22:59:01] - Finished Spring Data repository scanning in 88 ms. Found 2 JPA repository interfaces.
[15.07 22:59:01] - Tomcat initialized with port(s): 8080 (http)
[15.07 22:59:02] - Root WebApplicationContext: initialization completed in 1671 ms
[15.07 22:59:02] - HHH000204: Processing PersistenceUnitInfo [name: default]
[15.07 22:59:02] - HHH000412: Hibernate ORM core version 5.4.32.Final
[15.07 22:59:02] - HCANN000001: Hibernate Commons Annotations {5.1.2.Final}
[15.07 22:59:02] - HikariPool-1 - Starting...
[15.07 22:59:02] - Registered driver with driverClassName=com.mysql.jdbc.Driver was not found, trying direct instantiation.
[15.07 22:59:03] - HikariPool-1 - Start completed.
[15.07 22:59:03] - HHH000400: Using dialect: org.hibernate.dialect.MySQL8Dialect
[15.07 22:59:04] - HHH000490: Using JtaPlatform implementation: [org.hibernate.engine.transaction.jta.platform.internal.NoJtaPlatform]
[15.07 22:59:04] - Initialized JPA EntityManagerFactory for persistence unit 'default'
[15.07 22:59:05] - spring.jpa.open-in-view is enabled by default. Therefore, database queries may be performed during view rendering. Explicitly configure spring.jpa.open-in-view to disable this warning
[15.07 22:59:05] - Tomcat started on port(s): 8080 (http) with context path ''
[15.07 22:59:05] - Started DemoApplication in 5.853 seconds (JVM running for 6.906)
[15.07 22:59:52] - Starting DemoApplication using Java 11.0.11 on DESKTOP-PBQE3MK with PID 20056 (C:\Users\HOME\Desktop\spring based projects\demo\target\classes started by HOME in C:\Users\HOME\Desktop\spring based projects\demo)
[15.07 22:59:52] - No active profile set, falling back to default profiles: default
[15.07 22:59:53] - Bootstrapping Spring Data JPA repositories in DEFAULT mode.
[15.07 22:59:53] - Finished Spring Data repository scanning in 72 ms. Found 2 JPA repository interfaces.
[15.07 22:59:54] - Tomcat initialized with port(s): 8080 (http)
[15.07 22:59:54] - Root WebApplicationContext: initialization completed in 1748 ms
[15.07 22:59:54] - HHH000204: Processing PersistenceUnitInfo [name: default]
[15.07 22:59:54] - HHH000412: Hibernate ORM core version 5.4.32.Final
[15.07 22:59:55] - HCANN000001: Hibernate Commons Annotations {5.1.2.Final}
[15.07 22:59:55] - HikariPool-1 - Starting...
[15.07 22:59:55] - Registered driver with driverClassName=com.mysql.jdbc.Driver was not found, trying direct instantiation.
[15.07 22:59:55] - HikariPool-1 - Start completed.
[15.07 22:59:55] - HHH000400: Using dialect: org.hibernate.dialect.MySQL8Dialect
[15.07 22:59:56] - HHH000490: Using JtaPlatform implementation: [org.hibernate.engine.transaction.jta.platform.internal.NoJtaPlatform]
[15.07 22:59:56] - Initialized JPA EntityManagerFactory for persistence unit 'default'
[15.07 22:59:57] - spring.jpa.open-in-view is enabled by default. Therefore, database queries may be performed during view rendering. Explicitly configure spring.jpa.open-in-view to disable this warning
[15.07 22:59:57] - Tomcat started on port(s): 8080 (http) with context path ''
[15.07 22:59:57] - Started DemoApplication in 5.472 seconds (JVM running for 6.799)
[15.07 23:00:08] - Initializing Servlet 'dispatcherServlet'
[15.07 23:00:08] - Completed initialization in 0 ms
[15.07 23:00:08] - Call add service with : 15 and 10
[15.07 23:00:08] - Response add service : 25
[15.07 23:00:38] - Call multiply service with : 15 and 10
[15.07 23:00:38] - Response multiply service : 150
[15.07 23:07:37] - Starting DemoApplication using Java 11.0.11 on DESKTOP-PBQE3MK with PID 20872 (C:\Users\HOME\Desktop\spring based projects\demo\target\classes started by HOME in C:\Users\HOME\Desktop\spring based projects\demo)
[15.07 23:07:37] - No active profile set, falling back to default profiles: default
[15.07 23:07:38] - Bootstrapping Spring Data JPA repositories in DEFAULT mode.
[15.07 23:07:38] - Finished Spring Data repository scanning in 75 ms. Found 2 JPA repository interfaces.
[15.07 23:07:39] - Tomcat initialized with port(s): 8080 (http)
[15.07 23:07:39] - Root WebApplicationContext: initialization completed in 1641 ms
[15.07 23:07:39] - HHH000204: Processing PersistenceUnitInfo [name: default]
[15.07 23:07:39] - HHH000412: Hibernate ORM core version 5.4.32.Final
[15.07 23:07:39] - HCANN000001: Hibernate Commons Annotations {5.1.2.Final}
[15.07 23:07:40] - HikariPool-1 - Starting...
[15.07 23:07:40] - Registered driver with driverClassName=com.mysql.jdbc.Driver was not found, trying direct instantiation.
[15.07 23:07:40] - HikariPool-1 - Start completed.
[15.07 23:07:40] - HHH000400: Using dialect: org.hibernate.dialect.MySQL8Dialect
[15.07 23:07:41] - HHH000490: Using JtaPlatform implementation: [org.hibernate.engine.transaction.jta.platform.internal.NoJtaPlatform]
[15.07 23:07:41] - Initialized JPA EntityManagerFactory for persistence unit 'default'
[15.07 23:07:42] - spring.jpa.open-in-view is enabled by default. Therefore, database queries may be performed during view rendering. Explicitly configure spring.jpa.open-in-view to disable this warning
[15.07 23:07:42] - Tomcat started on port(s): 8080 (http) with context path ''
[15.07 23:07:42] - Started DemoApplication in 5.479 seconds (JVM running for 6.642)
[15.07 23:07:55] - Initializing Servlet 'dispatcherServlet'
[15.07 23:07:55] - Completed initialization in 4 ms
[15.07 23:07:56] - Call add service with : 15 and 10
[15.07 23:07:56] - Response add service : 25
[15.07 23:08:25] - Call multiply service with : 15 and 10
[15.07 23:08:25] - Response multiply service : 150
[15.07 23:08:59] - Call subtract service with : 15 and 10
[15.07 23:08:59] - Response subtract service : 5
[15.07 23:09:40] - Call divide service with : 15 and 10
[15.07 23:09:40] - Response divide service : 1
[15.07 23:16:13] - Starting DemoApplication using Java 11.0.11 on DESKTOP-PBQE3MK with PID 1496 (C:\Users\HOME\Desktop\spring based projects\demo\target\classes started by HOME in C:\Users\HOME\Desktop\spring based projects\demo)
[15.07 23:16:13] - No active profile set, falling back to default profiles: default
[15.07 23:16:14] - Bootstrapping Spring Data JPA repositories in DEFAULT mode.
[15.07 23:16:14] - Finished Spring Data repository scanning in 81 ms. Found 2 JPA repository interfaces.
[15.07 23:16:14] - Tomcat initialized with port(s): 8080 (http)
[15.07 23:16:15] - Root WebApplicationContext: initialization completed in 1734 ms
[15.07 23:16:15] - HHH000204: Processing PersistenceUnitInfo [name: default]
[15.07 23:16:15] - HHH000412: Hibernate ORM core version 5.4.32.Final
[15.07 23:16:15] - HCANN000001: Hibernate Commons Annotations {5.1.2.Final}
[15.07 23:16:15] - HikariPool-1 - Starting...
[15.07 23:16:15] - Registered driver with driverClassName=com.mysql.jdbc.Driver was not found, trying direct instantiation.
[15.07 23:16:16] - HikariPool-1 - Start completed.
[15.07 23:16:16] - HHH000400: Using dialect: org.hibernate.dialect.MySQL8Dialect
[15.07 23:16:17] - HHH000490: Using JtaPlatform implementation: [org.hibernate.engine.transaction.jta.platform.internal.NoJtaPlatform]
[15.07 23:16:17] - Initialized JPA EntityManagerFactory for persistence unit 'default'
[15.07 23:16:17] - spring.jpa.open-in-view is enabled by default. Therefore, database queries may be performed during view rendering. Explicitly configure spring.jpa.open-in-view to disable this warning
[15.07 23:16:18] - Tomcat started on port(s): 8080 (http) with context path ''
[15.07 23:16:18] - Started DemoApplication in 5.732 seconds (JVM running for 6.93)
[15.07 23:16:30] - Initializing Servlet 'dispatcherServlet'
[15.07 23:16:30] - Completed initialization in 2 ms
[15.07 23:16:31] - Call divide service with : 15 and 10
[15.07 23:16:31] - Response divide service : 1
[15.07 23:16:36] - Call add service with : 15 and 10
[15.07 23:16:36] - Response add service : 25
[15.07 23:16:46] - Call multiply service with : 15 and 10
[15.07 23:16:46] - Response multiply service : 150
[15.07 23:55:36] - HikariPool-1 - Thread starvation or clock leap detected (housekeeper delta=21m49s999ms491s900ns).
